{"/Users/ericbyungkim/Desktop/Croxy/Cart-Service/client/components/Cart.jsx": {"path":"/Users/ericbyungkim/Desktop/Croxy/Cart-Service/client/components/Cart.jsx","statementMap":{"0":{"start":{"line":13,"column":4},"end":{"line":13,"column":12}},"1":{"start":{"line":14,"column":4},"end":{"line":49,"column":6}},"2":{"start":{"line":50,"column":4},"end":{"line":50,"column":43}},"3":{"start":{"line":51,"column":4},"end":{"line":51,"column":47}},"4":{"start":{"line":55,"column":24},"end":{"line":55,"column":34}},"5":{"start":{"line":56,"column":4},"end":{"line":56,"column":26}},"6":{"start":{"line":60,"column":20},"end":{"line":60,"column":50}},"7":{"start":{"line":61,"column":4},"end":{"line":98,"column":9}},"8":{"start":{"line":66,"column":12},"end":{"line":66,"column":21}},"9":{"start":{"line":67,"column":40},"end":{"line":67,"column":55}},"10":{"start":{"line":68,"column":21},"end":{"line":68,"column":29}},"11":{"start":{"line":69,"column":22},"end":{"line":69,"column":31}},"12":{"start":{"line":70,"column":8},"end":{"line":97,"column":13}},"13":{"start":{"line":72,"column":30},"end":{"line":72,"column":71}},"14":{"start":{"line":73,"column":25},"end":{"line":73,"column":66}},"15":{"start":{"line":74,"column":26},"end":{"line":74,"column":67}},"16":{"start":{"line":75,"column":12},"end":{"line":96,"column":17}},"17":{"start":{"line":77,"column":40},"end":{"line":77,"column":86}},"18":{"start":{"line":78,"column":33},"end":{"line":78,"column":74}},"19":{"start":{"line":80,"column":16},"end":{"line":84,"column":17}},"20":{"start":{"line":81,"column":18},"end":{"line":81,"column":34}},"21":{"start":{"line":83,"column":18},"end":{"line":83,"column":33}},"22":{"start":{"line":85,"column":16},"end":{"line":95,"column":19}},"23":{"start":{"line":102,"column":4},"end":{"line":102,"column":26}},"24":{"start":{"line":103,"column":4},"end":{"line":103,"column":31}},"25":{"start":{"line":109,"column":8},"end":{"line":109,"column":18}},"26":{"start":{"line":110,"column":4},"end":{"line":110,"column":36}},"27":{"start":{"line":111,"column":4},"end":{"line":111,"column":48}},"28":{"start":{"line":112,"column":21},"end":{"line":112,"column":27}},"29":{"start":{"line":113,"column":4},"end":{"line":129,"column":6}}},"fnMap":{"0":{"name":"(anonymous_0)","decl":{"start":{"line":12,"column":2},"end":{"line":12,"column":3}},"loc":{"start":{"line":12,"column":16},"end":{"line":52,"column":3}},"line":12},"1":{"name":"(anonymous_1)","decl":{"start":{"line":54,"column":2},"end":{"line":54,"column":3}},"loc":{"start":{"line":54,"column":22},"end":{"line":57,"column":3}},"line":54},"2":{"name":"(anonymous_2)","decl":{"start":{"line":59,"column":2},"end":{"line":59,"column":3}},"loc":{"start":{"line":59,"column":15},"end":{"line":99,"column":3}},"line":59},"3":{"name":"(anonymous_3)","decl":{"start":{"line":63,"column":12},"end":{"line":63,"column":13}},"loc":{"start":{"line":63,"column":22},"end":{"line":98,"column":7}},"line":63},"4":{"name":"(anonymous_4)","decl":{"start":{"line":71,"column":16},"end":{"line":71,"column":17}},"loc":{"start":{"line":71,"column":29},"end":{"line":97,"column":11}},"line":71},"5":{"name":"(anonymous_5)","decl":{"start":{"line":76,"column":20},"end":{"line":76,"column":21}},"loc":{"start":{"line":76,"column":38},"end":{"line":96,"column":15}},"line":76},"6":{"name":"(anonymous_6)","decl":{"start":{"line":101,"column":2},"end":{"line":101,"column":3}},"loc":{"start":{"line":101,"column":21},"end":{"line":104,"column":3}},"line":101},"7":{"name":"(anonymous_7)","decl":{"start":{"line":106,"column":2},"end":{"line":106,"column":3}},"loc":{"start":{"line":106,"column":11},"end":{"line":130,"column":3}},"line":106}},"branchMap":{"0":{"loc":{"start":{"line":80,"column":16},"end":{"line":84,"column":17}},"type":"if","locations":[{"start":{"line":80,"column":16},"end":{"line":84,"column":17}},{"start":{"line":80,"column":16},"end":{"line":84,"column":17}}],"line":80}},"s":{"0":1,"1":1,"2":1,"3":1,"4":2,"5":2,"6":3,"7":3,"8":2,"9":2,"10":2,"11":2,"12":2,"13":2,"14":2,"15":2,"16":2,"17":2,"18":2,"19":2,"20":1,"21":1,"22":2,"23":1,"24":1,"25":4,"26":4,"27":4,"28":4,"29":4},"f":{"0":1,"1":2,"2":3,"3":2,"4":2,"5":2,"6":1,"7":4},"b":{"0":[1,1]},"_coverageSchema":"1a1c01bbd47fc00a2c39e90264f33305004495a9","hash":"95199fa1c02669ba2d6b021957ef3bfb22be9e30"}
,"/Users/ericbyungkim/Desktop/Croxy/Cart-Service/client/components/ExtDetails.jsx": {"path":"/Users/ericbyungkim/Desktop/Croxy/Cart-Service/client/components/ExtDetails.jsx","statementMap":{"0":{"start":{"line":7,"column":4},"end":{"line":7,"column":17}},"1":{"start":{"line":8,"column":4},"end":{"line":15,"column":6}},"2":{"start":{"line":16,"column":4},"end":{"line":16,"column":59}},"3":{"start":{"line":17,"column":4},"end":{"line":17,"column":61}},"4":{"start":{"line":18,"column":4},"end":{"line":18,"column":61}},"5":{"start":{"line":19,"column":4},"end":{"line":19,"column":63}},"6":{"start":{"line":23,"column":31},"end":{"line":23,"column":41}},"7":{"start":{"line":24,"column":4},"end":{"line":33,"column":5}},"8":{"start":{"line":25,"column":6},"end":{"line":32,"column":8}},"9":{"start":{"line":34,"column":4},"end":{"line":34,"column":20}},"10":{"start":{"line":40,"column":8},"end":{"line":40,"column":18}},"11":{"start":{"line":41,"column":27},"end":{"line":41,"column":37}},"12":{"start":{"line":42,"column":28},"end":{"line":42,"column":38}},"13":{"start":{"line":43,"column":4},"end":{"line":64,"column":5}},"14":{"start":{"line":44,"column":6},"end":{"line":63,"column":8}},"15":{"start":{"line":65,"column":4},"end":{"line":65,"column":20}},"16":{"start":{"line":69,"column":32},"end":{"line":69,"column":42}},"17":{"start":{"line":77,"column":8},"end":{"line":77,"column":18}},"18":{"start":{"line":78,"column":4},"end":{"line":89,"column":5}},"19":{"start":{"line":79,"column":6},"end":{"line":88,"column":8}},"20":{"start":{"line":90,"column":4},"end":{"line":90,"column":20}},"21":{"start":{"line":94,"column":4},"end":{"line":118,"column":5}},"22":{"start":{"line":95,"column":31},"end":{"line":95,"column":41}},"23":{"start":{"line":96,"column":6},"end":{"line":96,"column":39}},"24":{"start":{"line":97,"column":6},"end":{"line":97,"column":40}},"25":{"start":{"line":98,"column":11},"end":{"line":118,"column":5}},"26":{"start":{"line":99,"column":35},"end":{"line":99,"column":45}},"27":{"start":{"line":100,"column":6},"end":{"line":100,"column":47}},"28":{"start":{"line":101,"column":6},"end":{"line":101,"column":44}},"29":{"start":{"line":102,"column":11},"end":{"line":118,"column":5}},"30":{"start":{"line":103,"column":32},"end":{"line":103,"column":42}},"31":{"start":{"line":104,"column":6},"end":{"line":104,"column":41}},"32":{"start":{"line":105,"column":6},"end":{"line":105,"column":41}},"33":{"start":{"line":106,"column":11},"end":{"line":118,"column":5}},"34":{"start":{"line":107,"column":63},"end":{"line":107,"column":73}},"35":{"start":{"line":108,"column":6},"end":{"line":116,"column":7}},"36":{"start":{"line":109,"column":8},"end":{"line":109,"column":42}},"37":{"start":{"line":110,"column":8},"end":{"line":110,"column":28}},"38":{"start":{"line":111,"column":8},"end":{"line":111,"column":59}},"39":{"start":{"line":113,"column":8},"end":{"line":113,"column":29}},"40":{"start":{"line":114,"column":8},"end":{"line":114,"column":44}},"41":{"start":{"line":115,"column":8},"end":{"line":115,"column":37}},"42":{"start":{"line":117,"column":6},"end":{"line":117,"column":72}},"43":{"start":{"line":122,"column":27},"end":{"line":122,"column":37}},"44":{"start":{"line":123,"column":36},"end":{"line":123,"column":46}},"45":{"start":{"line":125,"column":6},"end":{"line":140,"column":7}},"46":{"start":{"line":127,"column":8},"end":{"line":132,"column":10}},"47":{"start":{"line":141,"column":6},"end":{"line":146,"column":8}},"48":{"start":{"line":149,"column":30},"end":{"line":149,"column":55}},"49":{"start":{"line":150,"column":6},"end":{"line":171,"column":7}},"50":{"start":{"line":151,"column":8},"end":{"line":170,"column":10}},"51":{"start":{"line":171,"column":8},"end":{"line":218,"column":7}},"52":{"start":{"line":172,"column":8},"end":{"line":217,"column":10}},"53":{"start":{"line":219,"column":6},"end":{"line":221,"column":8}},"54":{"start":{"line":223,"column":4},"end":{"line":277,"column":6}},"55":{"start":{"line":283,"column":0},"end":{"line":305,"column":2}},"56":{"start":{"line":307,"column":0},"end":{"line":329,"column":2}}},"fnMap":{"0":{"name":"(anonymous_0)","decl":{"start":{"line":6,"column":2},"end":{"line":6,"column":3}},"loc":{"start":{"line":6,"column":21},"end":{"line":20,"column":3}},"line":6},"1":{"name":"(anonymous_1)","decl":{"start":{"line":22,"column":2},"end":{"line":22,"column":3}},"loc":{"start":{"line":22,"column":21},"end":{"line":35,"column":3}},"line":22},"2":{"name":"(anonymous_2)","decl":{"start":{"line":37,"column":2},"end":{"line":37,"column":3}},"loc":{"start":{"line":37,"column":21},"end":{"line":66,"column":3}},"line":37},"3":{"name":"(anonymous_3)","decl":{"start":{"line":68,"column":2},"end":{"line":68,"column":3}},"loc":{"start":{"line":68,"column":22},"end":{"line":91,"column":3}},"line":68},"4":{"name":"(anonymous_4)","decl":{"start":{"line":93,"column":2},"end":{"line":93,"column":3}},"loc":{"start":{"line":93,"column":21},"end":{"line":119,"column":3}},"line":93},"5":{"name":"(anonymous_5)","decl":{"start":{"line":121,"column":2},"end":{"line":121,"column":3}},"loc":{"start":{"line":121,"column":11},"end":{"line":278,"column":3}},"line":121},"6":{"name":"getFirstRandDescription","decl":{"start":{"line":124,"column":13},"end":{"line":124,"column":36}},"loc":{"start":{"line":124,"column":39},"end":{"line":147,"column":5}},"line":124},"7":{"name":"getFirstDetail","decl":{"start":{"line":148,"column":13},"end":{"line":148,"column":27}},"loc":{"start":{"line":148,"column":30},"end":{"line":222,"column":5}},"line":148}},"branchMap":{"0":{"loc":{"start":{"line":24,"column":4},"end":{"line":33,"column":5}},"type":"if","locations":[{"start":{"line":24,"column":4},"end":{"line":33,"column":5}},{"start":{"line":24,"column":4},"end":{"line":33,"column":5}}],"line":24},"1":{"loc":{"start":{"line":43,"column":4},"end":{"line":64,"column":5}},"type":"if","locations":[{"start":{"line":43,"column":4},"end":{"line":64,"column":5}},{"start":{"line":43,"column":4},"end":{"line":64,"column":5}}],"line":43},"2":{"loc":{"start":{"line":78,"column":4},"end":{"line":89,"column":5}},"type":"if","locations":[{"start":{"line":78,"column":4},"end":{"line":89,"column":5}},{"start":{"line":78,"column":4},"end":{"line":89,"column":5}}],"line":78},"3":{"loc":{"start":{"line":94,"column":4},"end":{"line":118,"column":5}},"type":"if","locations":[{"start":{"line":94,"column":4},"end":{"line":118,"column":5}},{"start":{"line":94,"column":4},"end":{"line":118,"column":5}}],"line":94},"4":{"loc":{"start":{"line":98,"column":11},"end":{"line":118,"column":5}},"type":"if","locations":[{"start":{"line":98,"column":11},"end":{"line":118,"column":5}},{"start":{"line":98,"column":11},"end":{"line":118,"column":5}}],"line":98},"5":{"loc":{"start":{"line":102,"column":11},"end":{"line":118,"column":5}},"type":"if","locations":[{"start":{"line":102,"column":11},"end":{"line":118,"column":5}},{"start":{"line":102,"column":11},"end":{"line":118,"column":5}}],"line":102},"6":{"loc":{"start":{"line":106,"column":11},"end":{"line":118,"column":5}},"type":"if","locations":[{"start":{"line":106,"column":11},"end":{"line":118,"column":5}},{"start":{"line":106,"column":11},"end":{"line":118,"column":5}}],"line":106},"7":{"loc":{"start":{"line":108,"column":6},"end":{"line":116,"column":7}},"type":"if","locations":[{"start":{"line":108,"column":6},"end":{"line":116,"column":7}},{"start":{"line":108,"column":6},"end":{"line":116,"column":7}}],"line":108},"8":{"loc":{"start":{"line":125,"column":6},"end":{"line":140,"column":7}},"type":"if","locations":[{"start":{"line":125,"column":6},"end":{"line":140,"column":7}},{"start":{"line":125,"column":6},"end":{"line":140,"column":7}}],"line":125},"9":{"loc":{"start":{"line":150,"column":6},"end":{"line":171,"column":7}},"type":"if","locations":[{"start":{"line":150,"column":6},"end":{"line":171,"column":7}},{"start":{"line":150,"column":6},"end":{"line":171,"column":7}}],"line":150},"10":{"loc":{"start":{"line":171,"column":8},"end":{"line":218,"column":7}},"type":"if","locations":[{"start":{"line":171,"column":8},"end":{"line":218,"column":7}},{"start":{"line":171,"column":8},"end":{"line":218,"column":7}}],"line":171}},"s":{"0":9,"1":9,"2":9,"3":9,"4":9,"5":9,"6":18,"7":18,"8":1,"9":17,"10":18,"11":18,"12":18,"13":18,"14":1,"15":17,"16":18,"17":18,"18":18,"19":1,"20":17,"21":7,"22":1,"23":1,"24":1,"25":6,"26":1,"27":1,"28":1,"29":5,"30":1,"31":1,"32":1,"33":4,"34":3,"35":3,"36":1,"37":1,"38":1,"39":2,"40":2,"41":2,"42":3,"43":18,"44":18,"45":18,"46":1,"47":17,"48":18,"49":18,"50":1,"51":17,"52":16,"53":1,"54":18,"55":2,"56":2},"f":{"0":9,"1":18,"2":18,"3":18,"4":7,"5":18,"6":18,"7":18},"b":{"0":[1,17],"1":[1,17],"2":[1,17],"3":[1,6],"4":[1,5],"5":[1,4],"6":[3,1],"7":[1,2],"8":[1,17],"9":[1,17],"10":[16,1]},"_coverageSchema":"1a1c01bbd47fc00a2c39e90264f33305004495a9","hash":"96fd6d081a126f8ec9779b7d2c78df025c907f8d"}
,"/Users/ericbyungkim/Desktop/Croxy/Cart-Service/client/components/Info.jsx": {"path":"/Users/ericbyungkim/Desktop/Croxy/Cart-Service/client/components/Info.jsx","statementMap":{"0":{"start":{"line":8,"column":4},"end":{"line":8,"column":17}},"1":{"start":{"line":9,"column":4},"end":{"line":11,"column":6}},"2":{"start":{"line":15,"column":21},"end":{"line":15,"column":31}},"3":{"start":{"line":16,"column":42},"end":{"line":16,"column":46}},"4":{"start":{"line":17,"column":12},"end":{"line":17,"column":13}},"5":{"start":{"line":18,"column":22},"end":{"line":18,"column":25}},"6":{"start":{"line":20,"column":6},"end":{"line":20,"column":13}},"7":{"start":{"line":21,"column":6},"end":{"line":29,"column":7}},"8":{"start":{"line":22,"column":8},"end":{"line":28,"column":10}},"9":{"start":{"line":30,"column":6},"end":{"line":37,"column":7}},"10":{"start":{"line":31,"column":8},"end":{"line":36,"column":10}},"11":{"start":{"line":38,"column":6},"end":{"line":45,"column":8}},"12":{"start":{"line":48,"column":6},"end":{"line":56,"column":7}},"13":{"start":{"line":49,"column":8},"end":{"line":55,"column":10}},"14":{"start":{"line":57,"column":6},"end":{"line":61,"column":8}},"15":{"start":{"line":63,"column":21},"end":{"line":63,"column":38}},"16":{"start":{"line":64,"column":22},"end":{"line":64,"column":52}},"17":{"start":{"line":65,"column":29},"end":{"line":65,"column":55}},"18":{"start":{"line":66,"column":4},"end":{"line":78,"column":6}},"19":{"start":{"line":82,"column":0},"end":{"line":88,"column":2}},"20":{"start":{"line":90,"column":0},"end":{"line":96,"column":2}}},"fnMap":{"0":{"name":"(anonymous_0)","decl":{"start":{"line":7,"column":2},"end":{"line":7,"column":3}},"loc":{"start":{"line":7,"column":21},"end":{"line":12,"column":3}},"line":7},"1":{"name":"(anonymous_1)","decl":{"start":{"line":14,"column":2},"end":{"line":14,"column":3}},"loc":{"start":{"line":14,"column":11},"end":{"line":79,"column":3}},"line":14},"2":{"name":"mapFunc","decl":{"start":{"line":19,"column":13},"end":{"line":19,"column":20}},"loc":{"start":{"line":19,"column":28},"end":{"line":46,"column":5}},"line":19},"3":{"name":"getAvailable","decl":{"start":{"line":47,"column":13},"end":{"line":47,"column":25}},"loc":{"start":{"line":47,"column":33},"end":{"line":62,"column":5}},"line":47}},"branchMap":{"0":{"loc":{"start":{"line":21,"column":6},"end":{"line":29,"column":7}},"type":"if","locations":[{"start":{"line":21,"column":6},"end":{"line":29,"column":7}},{"start":{"line":21,"column":6},"end":{"line":29,"column":7}}],"line":21},"1":{"loc":{"start":{"line":21,"column":10},"end":{"line":21,"column":36}},"type":"binary-expr","locations":[{"start":{"line":21,"column":10},"end":{"line":21,"column":17}},{"start":{"line":21,"column":21},"end":{"line":21,"column":36}}],"line":21},"2":{"loc":{"start":{"line":30,"column":6},"end":{"line":37,"column":7}},"type":"if","locations":[{"start":{"line":30,"column":6},"end":{"line":37,"column":7}},{"start":{"line":30,"column":6},"end":{"line":37,"column":7}}],"line":30},"3":{"loc":{"start":{"line":48,"column":6},"end":{"line":56,"column":7}},"type":"if","locations":[{"start":{"line":48,"column":6},"end":{"line":56,"column":7}},{"start":{"line":48,"column":6},"end":{"line":56,"column":7}}],"line":48}},"s":{"0":4,"1":4,"2":7,"3":7,"4":7,"5":7,"6":21,"7":21,"8":6,"9":15,"10":6,"11":9,"12":7,"13":6,"14":1,"15":7,"16":7,"17":7,"18":7,"19":2,"20":2},"f":{"0":4,"1":7,"2":21,"3":7},"b":{"0":[6,15],"1":[21,6],"2":[6,9],"3":[6,1]},"_coverageSchema":"1a1c01bbd47fc00a2c39e90264f33305004495a9","hash":"7daaf244dda0158f5332dec491b0d155379d577a"}
,"/Users/ericbyungkim/Desktop/Croxy/Cart-Service/client/components/Messages.jsx": {"path":"/Users/ericbyungkim/Desktop/Croxy/Cart-Service/client/components/Messages.jsx","statementMap":{"0":{"start":{"line":7,"column":4},"end":{"line":7,"column":17}},"1":{"start":{"line":8,"column":4},"end":{"line":9,"column":6}},"2":{"start":{"line":10,"column":4},"end":{"line":10,"column":41}},"3":{"start":{"line":14,"column":4},"end":{"line":14,"column":26}},"4":{"start":{"line":18,"column":4},"end":{"line":18,"column":52}},"5":{"start":{"line":19,"column":4},"end":{"line":19,"column":26}},"6":{"start":{"line":23,"column":4},"end":{"line":23,"column":60}},"7":{"start":{"line":27,"column":33},"end":{"line":27,"column":43}},"8":{"start":{"line":28,"column":18},"end":{"line":28,"column":20}},"9":{"start":{"line":29,"column":18},"end":{"line":29,"column":19}},"10":{"start":{"line":31,"column":6},"end":{"line":35,"column":7}},"11":{"start":{"line":31,"column":19},"end":{"line":31,"column":20}},"12":{"start":{"line":32,"column":8},"end":{"line":34,"column":9}},"13":{"start":{"line":33,"column":10},"end":{"line":33,"column":23}},"14":{"start":{"line":36,"column":6},"end":{"line":39,"column":7}},"15":{"start":{"line":37,"column":8},"end":{"line":37,"column":20}},"16":{"start":{"line":38,"column":8},"end":{"line":38,"column":20}},"17":{"start":{"line":40,"column":6},"end":{"line":40,"column":18}},"18":{"start":{"line":41,"column":6},"end":{"line":41,"column":18}},"19":{"start":{"line":43,"column":19},"end":{"line":43,"column":20}},"20":{"start":{"line":44,"column":27},"end":{"line":82,"column":6}},"21":{"start":{"line":45,"column":6},"end":{"line":45,"column":20}},"22":{"start":{"line":46,"column":24},"end":{"line":46,"column":55}},"23":{"start":{"line":47,"column":6},"end":{"line":47,"column":28}},"24":{"start":{"line":48,"column":6},"end":{"line":80,"column":7}},"25":{"start":{"line":49,"column":8},"end":{"line":67,"column":9}},"26":{"start":{"line":50,"column":10},"end":{"line":66,"column":12}},"27":{"start":{"line":68,"column":8},"end":{"line":79,"column":10}},"28":{"start":{"line":81,"column":6},"end":{"line":81,"column":18}},"29":{"start":{"line":83,"column":4},"end":{"line":95,"column":5}},"30":{"start":{"line":84,"column":6},"end":{"line":94,"column":8}},"31":{"start":{"line":91,"column":27},"end":{"line":91,"column":49}},"32":{"start":{"line":96,"column":4},"end":{"line":110,"column":6}},"33":{"start":{"line":107,"column":25},"end":{"line":107,"column":47}},"34":{"start":{"line":114,"column":0},"end":{"line":120,"column":2}},"35":{"start":{"line":122,"column":0},"end":{"line":125,"column":2}}},"fnMap":{"0":{"name":"(anonymous_0)","decl":{"start":{"line":6,"column":2},"end":{"line":6,"column":3}},"loc":{"start":{"line":6,"column":21},"end":{"line":11,"column":3}},"line":6},"1":{"name":"(anonymous_1)","decl":{"start":{"line":13,"column":2},"end":{"line":13,"column":3}},"loc":{"start":{"line":13,"column":22},"end":{"line":15,"column":3}},"line":13},"2":{"name":"(anonymous_2)","decl":{"start":{"line":17,"column":2},"end":{"line":17,"column":3}},"loc":{"start":{"line":17,"column":23},"end":{"line":20,"column":3}},"line":17},"3":{"name":"(anonymous_3)","decl":{"start":{"line":22,"column":2},"end":{"line":22,"column":3}},"loc":{"start":{"line":22,"column":19},"end":{"line":24,"column":3}},"line":22},"4":{"name":"(anonymous_4)","decl":{"start":{"line":26,"column":2},"end":{"line":26,"column":3}},"loc":{"start":{"line":26,"column":11},"end":{"line":111,"column":3}},"line":26},"5":{"name":"showTime","decl":{"start":{"line":30,"column":13},"end":{"line":30,"column":21}},"loc":{"start":{"line":30,"column":42},"end":{"line":42,"column":5}},"line":30},"6":{"name":"(anonymous_6)","decl":{"start":{"line":44,"column":42},"end":{"line":44,"column":43}},"loc":{"start":{"line":44,"column":60},"end":{"line":82,"column":5}},"line":44},"7":{"name":"(anonymous_7)","decl":{"start":{"line":91,"column":17},"end":{"line":91,"column":18}},"loc":{"start":{"line":91,"column":25},"end":{"line":91,"column":51}},"line":91},"8":{"name":"(anonymous_8)","decl":{"start":{"line":107,"column":15},"end":{"line":107,"column":16}},"loc":{"start":{"line":107,"column":23},"end":{"line":107,"column":49}},"line":107}},"branchMap":{"0":{"loc":{"start":{"line":32,"column":8},"end":{"line":34,"column":9}},"type":"if","locations":[{"start":{"line":32,"column":8},"end":{"line":34,"column":9}},{"start":{"line":32,"column":8},"end":{"line":34,"column":9}}],"line":32},"1":{"loc":{"start":{"line":36,"column":6},"end":{"line":39,"column":7}},"type":"if","locations":[{"start":{"line":36,"column":6},"end":{"line":39,"column":7}},{"start":{"line":36,"column":6},"end":{"line":39,"column":7}}],"line":36},"2":{"loc":{"start":{"line":48,"column":6},"end":{"line":80,"column":7}},"type":"if","locations":[{"start":{"line":48,"column":6},"end":{"line":80,"column":7}},{"start":{"line":48,"column":6},"end":{"line":80,"column":7}}],"line":48},"3":{"loc":{"start":{"line":49,"column":8},"end":{"line":67,"column":9}},"type":"if","locations":[{"start":{"line":49,"column":8},"end":{"line":67,"column":9}},{"start":{"line":49,"column":8},"end":{"line":67,"column":9}}],"line":49},"4":{"loc":{"start":{"line":83,"column":4},"end":{"line":95,"column":5}},"type":"if","locations":[{"start":{"line":83,"column":4},"end":{"line":95,"column":5}},{"start":{"line":83,"column":4},"end":{"line":95,"column":5}}],"line":83}},"s":{"0":4,"1":4,"2":4,"3":4,"4":9,"5":9,"6":13,"7":13,"8":13,"9":13,"10":4,"11":4,"12":6,"13":5,"14":4,"15":3,"16":3,"17":1,"18":1,"19":13,"20":13,"21":10,"22":10,"23":10,"24":10,"25":4,"26":2,"27":2,"28":6,"29":13,"30":8,"31":13,"32":5,"33":9,"34":3,"35":3},"f":{"0":4,"1":4,"2":9,"3":13,"4":13,"5":4,"6":10,"7":13,"8":9},"b":{"0":[5,1],"1":[3,1],"2":[4,6],"3":[2,2],"4":[8,5]},"_coverageSchema":"1a1c01bbd47fc00a2c39e90264f33305004495a9","hash":"af5839f86c2b2ca5ca6e9e487f17dedc99012150"}
,"/Users/ericbyungkim/Desktop/Croxy/Cart-Service/client/components/Rating.jsx": {"path":"/Users/ericbyungkim/Desktop/Croxy/Cart-Service/client/components/Rating.jsx","statementMap":{"0":{"start":{"line":6,"column":4},"end":{"line":6,"column":17}},"1":{"start":{"line":7,"column":4},"end":{"line":9,"column":6}},"2":{"start":{"line":15,"column":8},"end":{"line":15,"column":18}},"3":{"start":{"line":18,"column":8},"end":{"line":18,"column":14}},"4":{"start":{"line":21,"column":8},"end":{"line":21,"column":14}},"5":{"start":{"line":22,"column":20},"end":{"line":22,"column":22}},"6":{"start":{"line":23,"column":4},"end":{"line":36,"column":5}},"7":{"start":{"line":23,"column":17},"end":{"line":23,"column":18}},"8":{"start":{"line":24,"column":6},"end":{"line":35,"column":7}},"9":{"start":{"line":25,"column":8},"end":{"line":31,"column":9}},"10":{"start":{"line":26,"column":10},"end":{"line":26,"column":431}},"11":{"start":{"line":27,"column":10},"end":{"line":27,"column":36}},"12":{"start":{"line":29,"column":10},"end":{"line":29,"column":482}},"13":{"start":{"line":30,"column":10},"end":{"line":30,"column":36}},"14":{"start":{"line":33,"column":8},"end":{"line":33,"column":319}},"15":{"start":{"line":34,"column":8},"end":{"line":34,"column":19}},"16":{"start":{"line":37,"column":4},"end":{"line":50,"column":6}},"17":{"start":{"line":54,"column":0},"end":{"line":60,"column":2}},"18":{"start":{"line":62,"column":0},"end":{"line":68,"column":2}}},"fnMap":{"0":{"name":"(anonymous_0)","decl":{"start":{"line":5,"column":2},"end":{"line":5,"column":3}},"loc":{"start":{"line":5,"column":21},"end":{"line":10,"column":3}},"line":5},"1":{"name":"(anonymous_1)","decl":{"start":{"line":12,"column":2},"end":{"line":12,"column":3}},"loc":{"start":{"line":12,"column":11},"end":{"line":51,"column":3}},"line":12}},"branchMap":{"0":{"loc":{"start":{"line":24,"column":6},"end":{"line":35,"column":7}},"type":"if","locations":[{"start":{"line":24,"column":6},"end":{"line":35,"column":7}},{"start":{"line":24,"column":6},"end":{"line":35,"column":7}}],"line":24},"1":{"loc":{"start":{"line":25,"column":8},"end":{"line":31,"column":9}},"type":"if","locations":[{"start":{"line":25,"column":8},"end":{"line":31,"column":9}},{"start":{"line":25,"column":8},"end":{"line":31,"column":9}}],"line":25},"2":{"loc":{"start":{"line":25,"column":12},"end":{"line":25,"column":40}},"type":"binary-expr","locations":[{"start":{"line":25,"column":12},"end":{"line":25,"column":25}},{"start":{"line":25,"column":29},"end":{"line":25,"column":40}}],"line":25}},"s":{"0":4,"1":4,"2":7,"3":7,"4":7,"5":7,"6":7,"7":7,"8":35,"9":21,"10":1,"11":1,"12":20,"13":20,"14":14,"15":14,"16":7,"17":2,"18":2},"f":{"0":4,"1":7},"b":{"0":[21,14],"1":[1,20],"2":[21,1]},"_coverageSchema":"1a1c01bbd47fc00a2c39e90264f33305004495a9","hash":"4eb498967207149f16da75629ae4577c7e9b86dc"}
,"/Users/ericbyungkim/Desktop/Croxy/Cart-Service/client/components/Selector.jsx": {"path":"/Users/ericbyungkim/Desktop/Croxy/Cart-Service/client/components/Selector.jsx","statementMap":{"0":{"start":{"line":6,"column":4},"end":{"line":6,"column":17}},"1":{"start":{"line":7,"column":4},"end":{"line":9,"column":6}},"2":{"start":{"line":13,"column":26},"end":{"line":13,"column":36}},"3":{"start":{"line":14,"column":12},"end":{"line":14,"column":14}},"4":{"start":{"line":15,"column":12},"end":{"line":15,"column":14}},"5":{"start":{"line":17,"column":6},"end":{"line":17,"column":13}},"6":{"start":{"line":18,"column":6},"end":{"line":22,"column":8}},"7":{"start":{"line":25,"column":6},"end":{"line":25,"column":13}},"8":{"start":{"line":26,"column":6},"end":{"line":26,"column":13}},"9":{"start":{"line":27,"column":6},"end":{"line":35,"column":8}},"10":{"start":{"line":37,"column":25},"end":{"line":37,"column":49}},"11":{"start":{"line":39,"column":4},"end":{"line":43,"column":6}},"12":{"start":{"line":49,"column":0},"end":{"line":56,"column":2}},"13":{"start":{"line":58,"column":0},"end":{"line":63,"column":2}}},"fnMap":{"0":{"name":"(anonymous_0)","decl":{"start":{"line":5,"column":2},"end":{"line":5,"column":3}},"loc":{"start":{"line":5,"column":21},"end":{"line":10,"column":3}},"line":5},"1":{"name":"(anonymous_1)","decl":{"start":{"line":12,"column":2},"end":{"line":12,"column":3}},"loc":{"start":{"line":12,"column":11},"end":{"line":44,"column":3}},"line":12},"2":{"name":"selectorMap","decl":{"start":{"line":16,"column":13},"end":{"line":16,"column":24}},"loc":{"start":{"line":16,"column":34},"end":{"line":23,"column":5}},"line":16},"3":{"name":"optionMap","decl":{"start":{"line":24,"column":13},"end":{"line":24,"column":22}},"loc":{"start":{"line":24,"column":31},"end":{"line":36,"column":5}},"line":24}},"branchMap":{},"s":{"0":2,"1":2,"2":5,"3":5,"4":5,"5":21,"6":21,"7":8,"8":8,"9":8,"10":5,"11":5,"12":2,"13":2},"f":{"0":2,"1":5,"2":21,"3":8},"b":{},"_coverageSchema":"1a1c01bbd47fc00a2c39e90264f33305004495a9","hash":"74bbda27317029e6b4fc24cf22248d15437d307c"}
,"/Users/ericbyungkim/Desktop/Croxy/Cart-Service/client/components/Seller.jsx": {"path":"/Users/ericbyungkim/Desktop/Croxy/Cart-Service/client/components/Seller.jsx","statementMap":{"0":{"start":{"line":8,"column":4},"end":{"line":8,"column":17}},"1":{"start":{"line":9,"column":4},"end":{"line":14,"column":6}},"2":{"start":{"line":15,"column":4},"end":{"line":15,"column":42}},"3":{"start":{"line":16,"column":4},"end":{"line":16,"column":41}},"4":{"start":{"line":17,"column":4},"end":{"line":17,"column":53}},"5":{"start":{"line":18,"column":4},"end":{"line":18,"column":53}},"6":{"start":{"line":19,"column":4},"end":{"line":19,"column":45}},"7":{"start":{"line":20,"column":4},"end":{"line":20,"column":59}},"8":{"start":{"line":21,"column":4},"end":{"line":21,"column":53}},"9":{"start":{"line":25,"column":4},"end":{"line":25,"column":23}},"10":{"start":{"line":26,"column":22},"end":{"line":26,"column":32}},"11":{"start":{"line":27,"column":27},"end":{"line":27,"column":37}},"12":{"start":{"line":28,"column":17},"end":{"line":28,"column":25}},"13":{"start":{"line":29,"column":4},"end":{"line":29,"column":39}},"14":{"start":{"line":30,"column":4},"end":{"line":30,"column":17}},"15":{"start":{"line":31,"column":4},"end":{"line":31,"column":43}},"16":{"start":{"line":35,"column":4},"end":{"line":38,"column":5}},"17":{"start":{"line":36,"column":6},"end":{"line":36,"column":25}},"18":{"start":{"line":37,"column":6},"end":{"line":37,"column":40}},"19":{"start":{"line":42,"column":20},"end":{"line":42,"column":34}},"20":{"start":{"line":43,"column":4},"end":{"line":43,"column":31}},"21":{"start":{"line":47,"column":27},"end":{"line":47,"column":37}},"22":{"start":{"line":48,"column":4},"end":{"line":52,"column":5}},"23":{"start":{"line":49,"column":6},"end":{"line":49,"column":33}},"24":{"start":{"line":51,"column":6},"end":{"line":51,"column":28}},"25":{"start":{"line":53,"column":4},"end":{"line":53,"column":36}},"26":{"start":{"line":57,"column":27},"end":{"line":57,"column":37}},"27":{"start":{"line":58,"column":4},"end":{"line":62,"column":5}},"28":{"start":{"line":59,"column":6},"end":{"line":59,"column":36}},"29":{"start":{"line":61,"column":6},"end":{"line":61,"column":28}},"30":{"start":{"line":63,"column":4},"end":{"line":63,"column":36}},"31":{"start":{"line":67,"column":33},"end":{"line":67,"column":43}},"32":{"start":{"line":68,"column":21},"end":{"line":68,"column":27}},"33":{"start":{"line":74,"column":8},"end":{"line":74,"column":18}},"34":{"start":{"line":75,"column":4},"end":{"line":149,"column":6}},"35":{"start":{"line":153,"column":0},"end":{"line":158,"column":2}},"36":{"start":{"line":160,"column":0},"end":{"line":165,"column":2}}},"fnMap":{"0":{"name":"(anonymous_0)","decl":{"start":{"line":7,"column":2},"end":{"line":7,"column":3}},"loc":{"start":{"line":7,"column":21},"end":{"line":22,"column":3}},"line":7},"1":{"name":"(anonymous_1)","decl":{"start":{"line":24,"column":2},"end":{"line":24,"column":3}},"loc":{"start":{"line":24,"column":18},"end":{"line":32,"column":3}},"line":24},"2":{"name":"(anonymous_2)","decl":{"start":{"line":34,"column":2},"end":{"line":34,"column":3}},"loc":{"start":{"line":34,"column":18},"end":{"line":39,"column":3}},"line":34},"3":{"name":"(anonymous_3)","decl":{"start":{"line":41,"column":2},"end":{"line":41,"column":3}},"loc":{"start":{"line":41,"column":14},"end":{"line":44,"column":3}},"line":41},"4":{"name":"(anonymous_4)","decl":{"start":{"line":46,"column":2},"end":{"line":46,"column":3}},"loc":{"start":{"line":46,"column":20},"end":{"line":54,"column":3}},"line":46},"5":{"name":"(anonymous_5)","decl":{"start":{"line":56,"column":2},"end":{"line":56,"column":3}},"loc":{"start":{"line":56,"column":17},"end":{"line":64,"column":3}},"line":56},"6":{"name":"(anonymous_6)","decl":{"start":{"line":66,"column":2},"end":{"line":66,"column":3}},"loc":{"start":{"line":66,"column":11},"end":{"line":150,"column":3}},"line":66}},"branchMap":{"0":{"loc":{"start":{"line":35,"column":4},"end":{"line":38,"column":5}},"type":"if","locations":[{"start":{"line":35,"column":4},"end":{"line":38,"column":5}},{"start":{"line":35,"column":4},"end":{"line":38,"column":5}}],"line":35},"1":{"loc":{"start":{"line":35,"column":8},"end":{"line":35,"column":48}},"type":"binary-expr","locations":[{"start":{"line":35,"column":8},"end":{"line":35,"column":24}},{"start":{"line":35,"column":28},"end":{"line":35,"column":48}}],"line":35},"2":{"loc":{"start":{"line":48,"column":4},"end":{"line":52,"column":5}},"type":"if","locations":[{"start":{"line":48,"column":4},"end":{"line":52,"column":5}},{"start":{"line":48,"column":4},"end":{"line":52,"column":5}}],"line":48},"3":{"loc":{"start":{"line":58,"column":4},"end":{"line":62,"column":5}},"type":"if","locations":[{"start":{"line":58,"column":4},"end":{"line":62,"column":5}},{"start":{"line":58,"column":4},"end":{"line":62,"column":5}}],"line":58}},"s":{"0":2,"1":2,"2":2,"3":2,"4":2,"5":2,"6":2,"7":2,"8":2,"9":1,"10":1,"11":1,"12":1,"13":1,"14":1,"15":1,"16":2,"17":1,"18":1,"19":1,"20":1,"21":2,"22":2,"23":1,"24":1,"25":2,"26":2,"27":2,"28":1,"29":1,"30":2,"31":11,"32":11,"33":11,"34":11,"35":2,"36":2},"f":{"0":2,"1":1,"2":2,"3":1,"4":2,"5":2,"6":11},"b":{"0":[1,1],"1":[2,1],"2":[1,1],"3":[1,1]},"_coverageSchema":"1a1c01bbd47fc00a2c39e90264f33305004495a9","hash":"821edf5bac9f85c56c8b9a8bd54ace2483757a7d"}
,"/Users/ericbyungkim/Desktop/Croxy/Cart-Service/client/components/Shipping.jsx": {"path":"/Users/ericbyungkim/Desktop/Croxy/Cart-Service/client/components/Shipping.jsx","statementMap":{"0":{"start":{"line":9,"column":4},"end":{"line":9,"column":17}},"1":{"start":{"line":10,"column":4},"end":{"line":18,"column":6}},"2":{"start":{"line":19,"column":4},"end":{"line":19,"column":47}},"3":{"start":{"line":20,"column":4},"end":{"line":20,"column":61}},"4":{"start":{"line":21,"column":4},"end":{"line":21,"column":59}},"5":{"start":{"line":22,"column":4},"end":{"line":22,"column":51}},"6":{"start":{"line":23,"column":4},"end":{"line":23,"column":49}},"7":{"start":{"line":27,"column":25},"end":{"line":27,"column":35}},"8":{"start":{"line":28,"column":4},"end":{"line":28,"column":22}},"9":{"start":{"line":29,"column":4},"end":{"line":29,"column":34}},"10":{"start":{"line":33,"column":26},"end":{"line":33,"column":36}},"11":{"start":{"line":34,"column":4},"end":{"line":34,"column":23}},"12":{"start":{"line":35,"column":4},"end":{"line":35,"column":35}},"13":{"start":{"line":39,"column":25},"end":{"line":39,"column":35}},"14":{"start":{"line":40,"column":4},"end":{"line":44,"column":5}},"15":{"start":{"line":41,"column":6},"end":{"line":41,"column":26}},"16":{"start":{"line":43,"column":6},"end":{"line":43,"column":26}},"17":{"start":{"line":45,"column":4},"end":{"line":45,"column":34}},"18":{"start":{"line":49,"column":21},"end":{"line":49,"column":39}},"19":{"start":{"line":50,"column":4},"end":{"line":62,"column":5}},"20":{"start":{"line":51,"column":23},"end":{"line":51,"column":39}},"21":{"start":{"line":52,"column":6},"end":{"line":52,"column":34}},"22":{"start":{"line":53,"column":11},"end":{"line":62,"column":5}},"23":{"start":{"line":54,"column":23},"end":{"line":54,"column":39}},"24":{"start":{"line":55,"column":6},"end":{"line":55,"column":34}},"25":{"start":{"line":56,"column":11},"end":{"line":62,"column":5}},"26":{"start":{"line":57,"column":23},"end":{"line":57,"column":39}},"27":{"start":{"line":58,"column":6},"end":{"line":58,"column":34}},"28":{"start":{"line":59,"column":11},"end":{"line":62,"column":5}},"29":{"start":{"line":60,"column":23},"end":{"line":60,"column":39}},"30":{"start":{"line":61,"column":6},"end":{"line":61,"column":34}},"31":{"start":{"line":66,"column":21},"end":{"line":66,"column":39}},"32":{"start":{"line":67,"column":4},"end":{"line":79,"column":5}},"33":{"start":{"line":68,"column":23},"end":{"line":68,"column":29}},"34":{"start":{"line":69,"column":6},"end":{"line":69,"column":34}},"35":{"start":{"line":70,"column":11},"end":{"line":79,"column":5}},"36":{"start":{"line":71,"column":23},"end":{"line":71,"column":29}},"37":{"start":{"line":72,"column":6},"end":{"line":72,"column":34}},"38":{"start":{"line":73,"column":11},"end":{"line":79,"column":5}},"39":{"start":{"line":74,"column":23},"end":{"line":74,"column":29}},"40":{"start":{"line":75,"column":6},"end":{"line":75,"column":34}},"41":{"start":{"line":76,"column":11},"end":{"line":79,"column":5}},"42":{"start":{"line":77,"column":23},"end":{"line":77,"column":29}},"43":{"start":{"line":78,"column":6},"end":{"line":78,"column":34}},"44":{"start":{"line":89,"column":8},"end":{"line":89,"column":18}},"45":{"start":{"line":96,"column":8},"end":{"line":96,"column":18}},"46":{"start":{"line":98,"column":19},"end":{"line":98,"column":52}},"47":{"start":{"line":99,"column":6},"end":{"line":99,"column":96}},"48":{"start":{"line":101,"column":24},"end":{"line":101,"column":48}},"49":{"start":{"line":102,"column":25},"end":{"line":102,"column":104}},"50":{"start":{"line":103,"column":24},"end":{"line":103,"column":40}},"51":{"start":{"line":104,"column":4},"end":{"line":243,"column":6}},"52":{"start":{"line":247,"column":0},"end":{"line":264,"column":2}},"53":{"start":{"line":266,"column":0},"end":{"line":283,"column":2}}},"fnMap":{"0":{"name":"(anonymous_0)","decl":{"start":{"line":8,"column":2},"end":{"line":8,"column":3}},"loc":{"start":{"line":8,"column":21},"end":{"line":24,"column":3}},"line":8},"1":{"name":"(anonymous_1)","decl":{"start":{"line":26,"column":2},"end":{"line":26,"column":3}},"loc":{"start":{"line":26,"column":15},"end":{"line":30,"column":3}},"line":26},"2":{"name":"(anonymous_2)","decl":{"start":{"line":32,"column":2},"end":{"line":32,"column":3}},"loc":{"start":{"line":32,"column":16},"end":{"line":36,"column":3}},"line":32},"3":{"name":"(anonymous_3)","decl":{"start":{"line":38,"column":2},"end":{"line":38,"column":3}},"loc":{"start":{"line":38,"column":14},"end":{"line":46,"column":3}},"line":38},"4":{"name":"(anonymous_4)","decl":{"start":{"line":48,"column":2},"end":{"line":48,"column":3}},"loc":{"start":{"line":48,"column":22},"end":{"line":63,"column":3}},"line":48},"5":{"name":"(anonymous_5)","decl":{"start":{"line":65,"column":2},"end":{"line":65,"column":3}},"loc":{"start":{"line":65,"column":21},"end":{"line":80,"column":3}},"line":65},"6":{"name":"(anonymous_6)","decl":{"start":{"line":82,"column":2},"end":{"line":82,"column":3}},"loc":{"start":{"line":82,"column":11},"end":{"line":244,"column":3}},"line":82},"7":{"name":"getShippedDate","decl":{"start":{"line":97,"column":13},"end":{"line":97,"column":27}},"loc":{"start":{"line":97,"column":30},"end":{"line":100,"column":5}},"line":97}},"branchMap":{"0":{"loc":{"start":{"line":40,"column":4},"end":{"line":44,"column":5}},"type":"if","locations":[{"start":{"line":40,"column":4},"end":{"line":44,"column":5}},{"start":{"line":40,"column":4},"end":{"line":44,"column":5}}],"line":40},"1":{"loc":{"start":{"line":50,"column":4},"end":{"line":62,"column":5}},"type":"if","locations":[{"start":{"line":50,"column":4},"end":{"line":62,"column":5}},{"start":{"line":50,"column":4},"end":{"line":62,"column":5}}],"line":50},"2":{"loc":{"start":{"line":53,"column":11},"end":{"line":62,"column":5}},"type":"if","locations":[{"start":{"line":53,"column":11},"end":{"line":62,"column":5}},{"start":{"line":53,"column":11},"end":{"line":62,"column":5}}],"line":53},"3":{"loc":{"start":{"line":56,"column":11},"end":{"line":62,"column":5}},"type":"if","locations":[{"start":{"line":56,"column":11},"end":{"line":62,"column":5}},{"start":{"line":56,"column":11},"end":{"line":62,"column":5}}],"line":56},"4":{"loc":{"start":{"line":59,"column":11},"end":{"line":62,"column":5}},"type":"if","locations":[{"start":{"line":59,"column":11},"end":{"line":62,"column":5}},{"start":{"line":59,"column":11},"end":{"line":62,"column":5}}],"line":59},"5":{"loc":{"start":{"line":67,"column":4},"end":{"line":79,"column":5}},"type":"if","locations":[{"start":{"line":67,"column":4},"end":{"line":79,"column":5}},{"start":{"line":67,"column":4},"end":{"line":79,"column":5}}],"line":67},"6":{"loc":{"start":{"line":70,"column":11},"end":{"line":79,"column":5}},"type":"if","locations":[{"start":{"line":70,"column":11},"end":{"line":79,"column":5}},{"start":{"line":70,"column":11},"end":{"line":79,"column":5}}],"line":70},"7":{"loc":{"start":{"line":73,"column":11},"end":{"line":79,"column":5}},"type":"if","locations":[{"start":{"line":73,"column":11},"end":{"line":79,"column":5}},{"start":{"line":73,"column":11},"end":{"line":79,"column":5}}],"line":73},"8":{"loc":{"start":{"line":76,"column":11},"end":{"line":79,"column":5}},"type":"if","locations":[{"start":{"line":76,"column":11},"end":{"line":79,"column":5}},{"start":{"line":76,"column":11},"end":{"line":79,"column":5}}],"line":76}},"s":{"0":1,"1":1,"2":1,"3":1,"4":1,"5":1,"6":1,"7":1,"8":1,"9":1,"10":1,"11":1,"12":1,"13":2,"14":2,"15":1,"16":1,"17":2,"18":5,"19":5,"20":1,"21":1,"22":4,"23":1,"24":1,"25":3,"26":1,"27":1,"28":2,"29":1,"30":1,"31":5,"32":5,"33":1,"34":1,"35":4,"36":1,"37":1,"38":3,"39":1,"40":1,"41":2,"42":1,"43":1,"44":14,"45":14,"46":14,"47":14,"48":14,"49":14,"50":14,"51":14,"52":3,"53":3},"f":{"0":1,"1":1,"2":1,"3":2,"4":5,"5":5,"6":14,"7":14},"b":{"0":[1,1],"1":[1,4],"2":[1,3],"3":[1,2],"4":[1,1],"5":[1,4],"6":[1,3],"7":[1,2],"8":[1,1]},"_coverageSchema":"1a1c01bbd47fc00a2c39e90264f33305004495a9","hash":"866acbaa5707a42c70994f98dfff47f613c397d1"}
,"/Users/ericbyungkim/Desktop/Croxy/Cart-Service/client/components/ShippingCost.jsx": {"path":"/Users/ericbyungkim/Desktop/Croxy/Cart-Service/client/components/ShippingCost.jsx","statementMap":{"0":{"start":{"line":6,"column":4},"end":{"line":6,"column":17}},"1":{"start":{"line":7,"column":4},"end":{"line":13,"column":6}},"2":{"start":{"line":14,"column":4},"end":{"line":14,"column":45}},"3":{"start":{"line":15,"column":4},"end":{"line":15,"column":53}},"4":{"start":{"line":16,"column":4},"end":{"line":16,"column":47}},"5":{"start":{"line":17,"column":4},"end":{"line":17,"column":51}},"6":{"start":{"line":18,"column":4},"end":{"line":18,"column":51}},"7":{"start":{"line":22,"column":21},"end":{"line":22,"column":31}},"8":{"start":{"line":23,"column":4},"end":{"line":23,"column":21}},"9":{"start":{"line":24,"column":4},"end":{"line":24,"column":30}},"10":{"start":{"line":28,"column":4},"end":{"line":28,"column":23}},"11":{"start":{"line":29,"column":4},"end":{"line":29,"column":21}},"12":{"start":{"line":38,"column":8},"end":{"line":38,"column":18}},"13":{"start":{"line":42,"column":8},"end":{"line":42,"column":18}},"14":{"start":{"line":43,"column":4},"end":{"line":45,"column":5}},"15":{"start":{"line":44,"column":6},"end":{"line":44,"column":30}},"16":{"start":{"line":46,"column":4},"end":{"line":46,"column":30}},"17":{"start":{"line":47,"column":4},"end":{"line":47,"column":53}},"18":{"start":{"line":48,"column":4},"end":{"line":48,"column":23}},"19":{"start":{"line":49,"column":4},"end":{"line":49,"column":17}},"20":{"start":{"line":50,"column":4},"end":{"line":50,"column":55}},"21":{"start":{"line":54,"column":20},"end":{"line":54,"column":34}},"22":{"start":{"line":55,"column":4},"end":{"line":55,"column":31}},"23":{"start":{"line":59,"column":32},"end":{"line":59,"column":42}},"24":{"start":{"line":60,"column":4},"end":{"line":338,"column":5}},"25":{"start":{"line":61,"column":6},"end":{"line":337,"column":8}},"26":{"start":{"line":339,"column":4},"end":{"line":339,"column":20}},"27":{"start":{"line":345,"column":8},"end":{"line":345,"column":18}},"28":{"start":{"line":349,"column":8},"end":{"line":349,"column":18}},"29":{"start":{"line":351,"column":4},"end":{"line":371,"column":6}},"30":{"start":{"line":375,"column":0},"end":{"line":378,"column":2}},"31":{"start":{"line":380,"column":0},"end":{"line":383,"column":2}}},"fnMap":{"0":{"name":"(anonymous_0)","decl":{"start":{"line":5,"column":2},"end":{"line":5,"column":3}},"loc":{"start":{"line":5,"column":21},"end":{"line":19,"column":3}},"line":5},"1":{"name":"(anonymous_1)","decl":{"start":{"line":21,"column":2},"end":{"line":21,"column":3}},"loc":{"start":{"line":21,"column":13},"end":{"line":25,"column":3}},"line":21},"2":{"name":"(anonymous_2)","decl":{"start":{"line":27,"column":2},"end":{"line":27,"column":3}},"loc":{"start":{"line":27,"column":18},"end":{"line":30,"column":3}},"line":27},"3":{"name":"(anonymous_3)","decl":{"start":{"line":32,"column":2},"end":{"line":32,"column":3}},"loc":{"start":{"line":32,"column":14},"end":{"line":51,"column":3}},"line":32},"4":{"name":"(anonymous_4)","decl":{"start":{"line":53,"column":2},"end":{"line":53,"column":3}},"loc":{"start":{"line":53,"column":17},"end":{"line":56,"column":3}},"line":53},"5":{"name":"(anonymous_5)","decl":{"start":{"line":58,"column":2},"end":{"line":58,"column":3}},"loc":{"start":{"line":58,"column":16},"end":{"line":340,"column":3}},"line":58},"6":{"name":"(anonymous_6)","decl":{"start":{"line":342,"column":2},"end":{"line":342,"column":3}},"loc":{"start":{"line":342,"column":11},"end":{"line":372,"column":3}},"line":342},"7":{"name":"(anonymous_7)","decl":{"start":{"line":381,"column":13},"end":{"line":381,"column":14}},"loc":{"start":{"line":381,"column":19},"end":{"line":381,"column":21}},"line":381}},"branchMap":{"0":{"loc":{"start":{"line":43,"column":4},"end":{"line":45,"column":5}},"type":"if","locations":[{"start":{"line":43,"column":4},"end":{"line":45,"column":5}},{"start":{"line":43,"column":4},"end":{"line":45,"column":5}}],"line":43},"1":{"loc":{"start":{"line":60,"column":4},"end":{"line":338,"column":5}},"type":"if","locations":[{"start":{"line":60,"column":4},"end":{"line":338,"column":5}},{"start":{"line":60,"column":4},"end":{"line":338,"column":5}}],"line":60}},"s":{"0":2,"1":2,"2":2,"3":2,"4":2,"5":2,"6":2,"7":1,"8":1,"9":1,"10":1,"11":1,"12":2,"13":2,"14":2,"15":1,"16":2,"17":2,"18":2,"19":2,"20":2,"21":1,"22":1,"23":19,"24":19,"25":4,"26":15,"27":19,"28":19,"29":19,"30":4,"31":4},"f":{"0":2,"1":1,"2":1,"3":2,"4":1,"5":19,"6":19,"7":2},"b":{"0":[1,1],"1":[4,15]},"_coverageSchema":"1a1c01bbd47fc00a2c39e90264f33305004495a9","hash":"50444c6810148976a72783f2095aa71d833d8eff"}
,"/Users/ericbyungkim/Desktop/Croxy/Cart-Service/client/components/ShippingPolicies.jsx": {"path":"/Users/ericbyungkim/Desktop/Croxy/Cart-Service/client/components/ShippingPolicies.jsx","statementMap":{"0":{"start":{"line":7,"column":4},"end":{"line":7,"column":17}},"1":{"start":{"line":8,"column":4},"end":{"line":12,"column":6}},"2":{"start":{"line":13,"column":4},"end":{"line":13,"column":57}},"3":{"start":{"line":14,"column":4},"end":{"line":14,"column":53}},"4":{"start":{"line":15,"column":4},"end":{"line":15,"column":59}},"5":{"start":{"line":19,"column":27},"end":{"line":19,"column":37}},"6":{"start":{"line":20,"column":30},"end":{"line":20,"column":40}},"7":{"start":{"line":21,"column":12},"end":{"line":21,"column":13}},"8":{"start":{"line":23,"column":6},"end":{"line":23,"column":13}},"9":{"start":{"line":24,"column":6},"end":{"line":28,"column":8}},"10":{"start":{"line":30,"column":22},"end":{"line":30,"column":48}},"11":{"start":{"line":31,"column":4},"end":{"line":35,"column":6}},"12":{"start":{"line":39,"column":27},"end":{"line":39,"column":37}},"13":{"start":{"line":40,"column":24},"end":{"line":40,"column":34}},"14":{"start":{"line":41,"column":63},"end":{"line":41,"column":73}},"15":{"start":{"line":42,"column":4},"end":{"line":90,"column":5}},"16":{"start":{"line":43,"column":6},"end":{"line":89,"column":8}},"17":{"start":{"line":91,"column":4},"end":{"line":91,"column":20}},"18":{"start":{"line":95,"column":61},"end":{"line":95,"column":71}},"19":{"start":{"line":96,"column":4},"end":{"line":104,"column":5}},"20":{"start":{"line":97,"column":6},"end":{"line":97,"column":46}},"21":{"start":{"line":98,"column":6},"end":{"line":98,"column":32}},"22":{"start":{"line":99,"column":6},"end":{"line":99,"column":35}},"23":{"start":{"line":101,"column":6},"end":{"line":101,"column":33}},"24":{"start":{"line":102,"column":6},"end":{"line":102,"column":48}},"25":{"start":{"line":103,"column":6},"end":{"line":103,"column":35}},"26":{"start":{"line":105,"column":4},"end":{"line":105,"column":70}},"27":{"start":{"line":114,"column":8},"end":{"line":114,"column":18}},"28":{"start":{"line":115,"column":28},"end":{"line":115,"column":38}},"29":{"start":{"line":116,"column":4},"end":{"line":168,"column":6}},"30":{"start":{"line":172,"column":0},"end":{"line":181,"column":2}},"31":{"start":{"line":183,"column":0},"end":{"line":192,"column":2}}},"fnMap":{"0":{"name":"(anonymous_0)","decl":{"start":{"line":6,"column":2},"end":{"line":6,"column":3}},"loc":{"start":{"line":6,"column":21},"end":{"line":16,"column":3}},"line":6},"1":{"name":"(anonymous_1)","decl":{"start":{"line":18,"column":2},"end":{"line":18,"column":3}},"loc":{"start":{"line":18,"column":19},"end":{"line":36,"column":3}},"line":18},"2":{"name":"mapFunc","decl":{"start":{"line":22,"column":13},"end":{"line":22,"column":20}},"loc":{"start":{"line":22,"column":28},"end":{"line":29,"column":5}},"line":22},"3":{"name":"(anonymous_3)","decl":{"start":{"line":38,"column":2},"end":{"line":38,"column":3}},"loc":{"start":{"line":38,"column":17},"end":{"line":92,"column":3}},"line":38},"4":{"name":"(anonymous_4)","decl":{"start":{"line":94,"column":2},"end":{"line":94,"column":3}},"loc":{"start":{"line":94,"column":20},"end":{"line":106,"column":3}},"line":94},"5":{"name":"(anonymous_5)","decl":{"start":{"line":108,"column":2},"end":{"line":108,"column":3}},"loc":{"start":{"line":108,"column":11},"end":{"line":169,"column":3}},"line":108},"6":{"name":"(anonymous_6)","decl":{"start":{"line":190,"column":13},"end":{"line":190,"column":14}},"loc":{"start":{"line":190,"column":19},"end":{"line":190,"column":21}},"line":190}},"branchMap":{"0":{"loc":{"start":{"line":42,"column":4},"end":{"line":90,"column":5}},"type":"if","locations":[{"start":{"line":42,"column":4},"end":{"line":90,"column":5}},{"start":{"line":42,"column":4},"end":{"line":90,"column":5}}],"line":42},"1":{"loc":{"start":{"line":96,"column":4},"end":{"line":104,"column":5}},"type":"if","locations":[{"start":{"line":96,"column":4},"end":{"line":104,"column":5}},{"start":{"line":96,"column":4},"end":{"line":104,"column":5}}],"line":96}},"s":{"0":4,"1":4,"2":4,"3":4,"4":4,"5":7,"6":7,"7":7,"8":2,"9":2,"10":7,"11":7,"12":24,"13":24,"14":24,"15":24,"16":5,"17":19,"18":3,"19":3,"20":1,"21":1,"22":1,"23":2,"24":2,"25":2,"26":3,"27":21,"28":21,"29":21,"30":4,"31":4},"f":{"0":4,"1":7,"2":2,"3":24,"4":3,"5":21,"6":0},"b":{"0":[5,19],"1":[1,2]},"_coverageSchema":"1a1c01bbd47fc00a2c39e90264f33305004495a9","hash":"6097a50381cc06bf886abad5f599967938fb1488"}
,"/Users/ericbyungkim/Desktop/Croxy/Cart-Service/keys/BING_API_KEY.js": {"path":"/Users/ericbyungkim/Desktop/Croxy/Cart-Service/keys/BING_API_KEY.js","statementMap":{"0":{"start":{"line":1,"column":17},"end":{"line":1,"column":83}}},"fnMap":{},"branchMap":{},"s":{"0":1},"f":{},"b":{},"_coverageSchema":"1a1c01bbd47fc00a2c39e90264f33305004495a9","hash":"0814194e877e8a4f4634bcca16963ba9f2e6ad5a"}
}
