TN:
SF:client/components/Cart.jsx
FN:12,(anonymous_0)
FN:54,(anonymous_1)
FN:59,(anonymous_2)
FN:63,(anonymous_3)
FN:71,(anonymous_4)
FN:76,(anonymous_5)
FN:101,(anonymous_6)
FN:106,(anonymous_7)
FNF:8
FNH:8
FNDA:1,(anonymous_0)
FNDA:2,(anonymous_1)
FNDA:3,(anonymous_2)
FNDA:2,(anonymous_3)
FNDA:2,(anonymous_4)
FNDA:2,(anonymous_5)
FNDA:1,(anonymous_6)
FNDA:4,(anonymous_7)
DA:13,1
DA:14,1
DA:50,1
DA:51,1
DA:55,2
DA:56,2
DA:60,3
DA:61,3
DA:66,2
DA:67,2
DA:68,2
DA:69,2
DA:70,2
DA:72,2
DA:73,2
DA:74,2
DA:75,2
DA:77,2
DA:78,2
DA:80,2
DA:81,1
DA:83,1
DA:85,2
DA:102,1
DA:103,1
DA:109,4
DA:110,4
DA:111,4
DA:112,4
DA:113,4
LF:30
LH:30
BRDA:80,0,0,1
BRDA:80,0,1,1
BRF:2
BRH:2
end_of_record
TN:
SF:client/components/ExtDetails.jsx
FN:6,(anonymous_0)
FN:22,(anonymous_1)
FN:37,(anonymous_2)
FN:68,(anonymous_3)
FN:93,(anonymous_4)
FN:121,(anonymous_5)
FN:124,getFirstRandDescription
FN:148,getFirstDetail
FNF:8
FNH:8
FNDA:9,(anonymous_0)
FNDA:18,(anonymous_1)
FNDA:18,(anonymous_2)
FNDA:18,(anonymous_3)
FNDA:7,(anonymous_4)
FNDA:18,(anonymous_5)
FNDA:18,getFirstRandDescription
FNDA:18,getFirstDetail
DA:7,9
DA:8,9
DA:16,9
DA:17,9
DA:18,9
DA:19,9
DA:23,18
DA:24,18
DA:25,1
DA:34,17
DA:40,18
DA:41,18
DA:42,18
DA:43,18
DA:44,1
DA:65,17
DA:69,18
DA:77,18
DA:78,18
DA:79,1
DA:90,17
DA:94,7
DA:95,1
DA:96,1
DA:97,1
DA:98,6
DA:99,1
DA:100,1
DA:101,1
DA:102,5
DA:103,1
DA:104,1
DA:105,1
DA:106,4
DA:107,3
DA:108,3
DA:109,1
DA:110,1
DA:111,1
DA:113,2
DA:114,2
DA:115,2
DA:117,3
DA:122,18
DA:123,18
DA:125,18
DA:127,1
DA:141,17
DA:149,18
DA:150,18
DA:151,1
DA:171,17
DA:172,16
DA:219,1
DA:223,18
DA:283,2
DA:307,2
LF:57
LH:57
BRDA:24,0,0,1
BRDA:24,0,1,17
BRDA:43,1,0,1
BRDA:43,1,1,17
BRDA:78,2,0,1
BRDA:78,2,1,17
BRDA:94,3,0,1
BRDA:94,3,1,6
BRDA:98,4,0,1
BRDA:98,4,1,5
BRDA:102,5,0,1
BRDA:102,5,1,4
BRDA:106,6,0,3
BRDA:106,6,1,1
BRDA:108,7,0,1
BRDA:108,7,1,2
BRDA:125,8,0,1
BRDA:125,8,1,17
BRDA:150,9,0,1
BRDA:150,9,1,17
BRDA:171,10,0,16
BRDA:171,10,1,1
BRF:22
BRH:22
end_of_record
TN:
SF:client/components/Info.jsx
FN:7,(anonymous_0)
FN:14,(anonymous_1)
FN:19,mapFunc
FN:47,getAvailable
FNF:4
FNH:4
FNDA:4,(anonymous_0)
FNDA:7,(anonymous_1)
FNDA:21,mapFunc
FNDA:7,getAvailable
DA:8,4
DA:9,4
DA:15,7
DA:16,7
DA:17,7
DA:18,7
DA:20,21
DA:21,21
DA:22,6
DA:30,15
DA:31,6
DA:38,9
DA:48,7
DA:49,6
DA:57,1
DA:63,7
DA:64,7
DA:65,7
DA:66,7
DA:82,2
DA:90,2
LF:21
LH:21
BRDA:21,0,0,6
BRDA:21,0,1,15
BRDA:21,1,0,21
BRDA:21,1,1,6
BRDA:30,2,0,6
BRDA:30,2,1,9
BRDA:48,3,0,6
BRDA:48,3,1,1
BRF:8
BRH:8
end_of_record
TN:
SF:client/components/Messages.jsx
FN:6,(anonymous_0)
FN:13,(anonymous_1)
FN:17,(anonymous_2)
FN:22,(anonymous_3)
FN:26,(anonymous_4)
FN:30,showTime
FN:44,(anonymous_6)
FN:91,(anonymous_7)
FN:107,(anonymous_8)
FNF:9
FNH:9
FNDA:4,(anonymous_0)
FNDA:4,(anonymous_1)
FNDA:9,(anonymous_2)
FNDA:13,(anonymous_3)
FNDA:13,(anonymous_4)
FNDA:4,showTime
FNDA:10,(anonymous_6)
FNDA:13,(anonymous_7)
FNDA:9,(anonymous_8)
DA:7,4
DA:8,4
DA:10,4
DA:14,4
DA:18,9
DA:19,9
DA:23,13
DA:27,13
DA:28,13
DA:29,13
DA:31,4
DA:32,6
DA:33,5
DA:36,4
DA:37,3
DA:38,3
DA:40,1
DA:41,1
DA:43,13
DA:44,13
DA:45,10
DA:46,10
DA:47,10
DA:48,10
DA:49,4
DA:50,2
DA:68,2
DA:81,6
DA:83,13
DA:84,8
DA:91,13
DA:96,5
DA:107,9
DA:114,3
DA:122,3
LF:35
LH:35
BRDA:32,0,0,5
BRDA:32,0,1,1
BRDA:36,1,0,3
BRDA:36,1,1,1
BRDA:48,2,0,4
BRDA:48,2,1,6
BRDA:49,3,0,2
BRDA:49,3,1,2
BRDA:83,4,0,8
BRDA:83,4,1,5
BRF:10
BRH:10
end_of_record
TN:
SF:client/components/Rating.jsx
FN:5,(anonymous_0)
FN:12,(anonymous_1)
FNF:2
FNH:2
FNDA:4,(anonymous_0)
FNDA:7,(anonymous_1)
DA:6,4
DA:7,4
DA:15,7
DA:18,7
DA:21,7
DA:22,7
DA:23,7
DA:24,35
DA:25,21
DA:26,1
DA:27,1
DA:29,20
DA:30,20
DA:33,14
DA:34,14
DA:37,7
DA:54,2
DA:62,2
LF:18
LH:18
BRDA:24,0,0,21
BRDA:24,0,1,14
BRDA:25,1,0,1
BRDA:25,1,1,20
BRDA:25,2,0,21
BRDA:25,2,1,1
BRF:6
BRH:6
end_of_record
TN:
SF:client/components/Selector.jsx
FN:5,(anonymous_0)
FN:12,(anonymous_1)
FN:16,selectorMap
FN:24,optionMap
FNF:4
FNH:4
FNDA:2,(anonymous_0)
FNDA:5,(anonymous_1)
FNDA:21,selectorMap
FNDA:8,optionMap
DA:6,2
DA:7,2
DA:13,5
DA:14,5
DA:15,5
DA:17,21
DA:18,21
DA:25,8
DA:26,8
DA:27,8
DA:37,5
DA:39,5
DA:49,2
DA:58,2
LF:14
LH:14
BRF:0
BRH:0
end_of_record
TN:
SF:client/components/Seller.jsx
FN:7,(anonymous_0)
FN:24,(anonymous_1)
FN:34,(anonymous_2)
FN:41,(anonymous_3)
FN:46,(anonymous_4)
FN:56,(anonymous_5)
FN:66,(anonymous_6)
FNF:7
FNH:7
FNDA:2,(anonymous_0)
FNDA:1,(anonymous_1)
FNDA:2,(anonymous_2)
FNDA:1,(anonymous_3)
FNDA:2,(anonymous_4)
FNDA:2,(anonymous_5)
FNDA:11,(anonymous_6)
DA:8,2
DA:9,2
DA:15,2
DA:16,2
DA:17,2
DA:18,2
DA:19,2
DA:20,2
DA:21,2
DA:25,1
DA:26,1
DA:27,1
DA:28,1
DA:29,1
DA:30,1
DA:31,1
DA:35,2
DA:36,1
DA:37,1
DA:42,1
DA:43,1
DA:47,2
DA:48,2
DA:49,1
DA:51,1
DA:53,2
DA:57,2
DA:58,2
DA:59,1
DA:61,1
DA:63,2
DA:67,11
DA:68,11
DA:74,11
DA:75,11
DA:153,2
DA:160,2
LF:37
LH:37
BRDA:35,0,0,1
BRDA:35,0,1,1
BRDA:35,1,0,2
BRDA:35,1,1,1
BRDA:48,2,0,1
BRDA:48,2,1,1
BRDA:58,3,0,1
BRDA:58,3,1,1
BRF:8
BRH:8
end_of_record
TN:
SF:client/components/Shipping.jsx
FN:8,(anonymous_0)
FN:26,(anonymous_1)
FN:32,(anonymous_2)
FN:38,(anonymous_3)
FN:48,(anonymous_4)
FN:65,(anonymous_5)
FN:82,(anonymous_6)
FN:97,getShippedDate
FNF:8
FNH:8
FNDA:1,(anonymous_0)
FNDA:1,(anonymous_1)
FNDA:1,(anonymous_2)
FNDA:2,(anonymous_3)
FNDA:5,(anonymous_4)
FNDA:5,(anonymous_5)
FNDA:14,(anonymous_6)
FNDA:14,getShippedDate
DA:9,1
DA:10,1
DA:19,1
DA:20,1
DA:21,1
DA:22,1
DA:23,1
DA:27,1
DA:28,1
DA:29,1
DA:33,1
DA:34,1
DA:35,1
DA:39,2
DA:40,2
DA:41,1
DA:43,1
DA:45,2
DA:49,5
DA:50,5
DA:51,1
DA:52,1
DA:53,4
DA:54,1
DA:55,1
DA:56,3
DA:57,1
DA:58,1
DA:59,2
DA:60,1
DA:61,1
DA:66,5
DA:67,5
DA:68,1
DA:69,1
DA:70,4
DA:71,1
DA:72,1
DA:73,3
DA:74,1
DA:75,1
DA:76,2
DA:77,1
DA:78,1
DA:89,14
DA:96,14
DA:98,14
DA:99,14
DA:101,14
DA:102,14
DA:103,14
DA:104,14
DA:247,3
DA:266,3
LF:54
LH:54
BRDA:40,0,0,1
BRDA:40,0,1,1
BRDA:50,1,0,1
BRDA:50,1,1,4
BRDA:53,2,0,1
BRDA:53,2,1,3
BRDA:56,3,0,1
BRDA:56,3,1,2
BRDA:59,4,0,1
BRDA:59,4,1,1
BRDA:67,5,0,1
BRDA:67,5,1,4
BRDA:70,6,0,1
BRDA:70,6,1,3
BRDA:73,7,0,1
BRDA:73,7,1,2
BRDA:76,8,0,1
BRDA:76,8,1,1
BRF:18
BRH:18
end_of_record
TN:
SF:client/components/ShippingCost.jsx
FN:5,(anonymous_0)
FN:21,(anonymous_1)
FN:27,(anonymous_2)
FN:32,(anonymous_3)
FN:53,(anonymous_4)
FN:58,(anonymous_5)
FN:342,(anonymous_6)
FN:381,(anonymous_7)
FNF:8
FNH:8
FNDA:2,(anonymous_0)
FNDA:1,(anonymous_1)
FNDA:1,(anonymous_2)
FNDA:2,(anonymous_3)
FNDA:1,(anonymous_4)
FNDA:19,(anonymous_5)
FNDA:19,(anonymous_6)
FNDA:2,(anonymous_7)
DA:6,2
DA:7,2
DA:14,2
DA:15,2
DA:16,2
DA:17,2
DA:18,2
DA:22,1
DA:23,1
DA:24,1
DA:28,1
DA:29,1
DA:38,2
DA:42,2
DA:43,2
DA:44,1
DA:46,2
DA:47,2
DA:48,2
DA:49,2
DA:50,2
DA:54,1
DA:55,1
DA:59,19
DA:60,19
DA:61,4
DA:339,15
DA:345,19
DA:349,19
DA:351,19
DA:375,4
DA:380,4
LF:32
LH:32
BRDA:43,0,0,1
BRDA:43,0,1,1
BRDA:60,1,0,4
BRDA:60,1,1,15
BRF:4
BRH:4
end_of_record
TN:
SF:client/components/ShippingPolicies.jsx
FN:6,(anonymous_0)
FN:18,(anonymous_1)
FN:22,mapFunc
FN:38,(anonymous_3)
FN:94,(anonymous_4)
FN:108,(anonymous_5)
FN:190,(anonymous_6)
FNF:7
FNH:6
FNDA:4,(anonymous_0)
FNDA:7,(anonymous_1)
FNDA:2,mapFunc
FNDA:24,(anonymous_3)
FNDA:3,(anonymous_4)
FNDA:21,(anonymous_5)
FNDA:0,(anonymous_6)
DA:7,4
DA:8,4
DA:13,4
DA:14,4
DA:15,4
DA:19,7
DA:20,7
DA:21,7
DA:23,2
DA:24,2
DA:30,7
DA:31,7
DA:39,24
DA:40,24
DA:41,24
DA:42,24
DA:43,5
DA:91,19
DA:95,3
DA:96,3
DA:97,1
DA:98,1
DA:99,1
DA:101,2
DA:102,2
DA:103,2
DA:105,3
DA:114,21
DA:115,21
DA:116,21
DA:172,4
DA:183,4
LF:32
LH:32
BRDA:42,0,0,5
BRDA:42,0,1,19
BRDA:96,1,0,1
BRDA:96,1,1,2
BRF:4
BRH:4
end_of_record
TN:
SF:keys/BING_API_KEY.js
FNF:0
FNH:0
DA:1,1
LF:1
LH:1
BRF:0
BRH:0
end_of_record
