{"/Users/ericbyungkim/Desktop/Croxy/DockerCart/client/components/Cart.jsx": {"path":"/Users/ericbyungkim/Desktop/Croxy/DockerCart/client/components/Cart.jsx","statementMap":{"0":{"start":{"line":13,"column":4},"end":{"line":13,"column":12}},"1":{"start":{"line":14,"column":4},"end":{"line":49,"column":6}},"2":{"start":{"line":50,"column":4},"end":{"line":50,"column":43}},"3":{"start":{"line":51,"column":4},"end":{"line":51,"column":47}},"4":{"start":{"line":55,"column":24},"end":{"line":55,"column":34}},"5":{"start":{"line":56,"column":4},"end":{"line":56,"column":26}},"6":{"start":{"line":60,"column":20},"end":{"line":60,"column":50}},"7":{"start":{"line":61,"column":4},"end":{"line":98,"column":9}},"8":{"start":{"line":66,"column":12},"end":{"line":66,"column":21}},"9":{"start":{"line":67,"column":40},"end":{"line":67,"column":55}},"10":{"start":{"line":68,"column":21},"end":{"line":68,"column":29}},"11":{"start":{"line":69,"column":22},"end":{"line":69,"column":31}},"12":{"start":{"line":70,"column":8},"end":{"line":97,"column":13}},"13":{"start":{"line":72,"column":30},"end":{"line":72,"column":71}},"14":{"start":{"line":73,"column":25},"end":{"line":73,"column":66}},"15":{"start":{"line":74,"column":26},"end":{"line":74,"column":67}},"16":{"start":{"line":75,"column":12},"end":{"line":96,"column":17}},"17":{"start":{"line":77,"column":40},"end":{"line":77,"column":86}},"18":{"start":{"line":78,"column":33},"end":{"line":78,"column":74}},"19":{"start":{"line":80,"column":16},"end":{"line":84,"column":17}},"20":{"start":{"line":81,"column":18},"end":{"line":81,"column":34}},"21":{"start":{"line":83,"column":18},"end":{"line":83,"column":33}},"22":{"start":{"line":85,"column":16},"end":{"line":95,"column":19}},"23":{"start":{"line":102,"column":4},"end":{"line":102,"column":26}},"24":{"start":{"line":103,"column":4},"end":{"line":103,"column":31}},"25":{"start":{"line":109,"column":8},"end":{"line":109,"column":18}},"26":{"start":{"line":110,"column":4},"end":{"line":110,"column":36}},"27":{"start":{"line":111,"column":4},"end":{"line":111,"column":48}},"28":{"start":{"line":112,"column":21},"end":{"line":112,"column":27}},"29":{"start":{"line":113,"column":4},"end":{"line":129,"column":6}}},"fnMap":{"0":{"name":"(anonymous_0)","decl":{"start":{"line":12,"column":2},"end":{"line":12,"column":3}},"loc":{"start":{"line":12,"column":16},"end":{"line":52,"column":3}},"line":12},"1":{"name":"(anonymous_1)","decl":{"start":{"line":54,"column":2},"end":{"line":54,"column":3}},"loc":{"start":{"line":54,"column":22},"end":{"line":57,"column":3}},"line":54},"2":{"name":"(anonymous_2)","decl":{"start":{"line":59,"column":2},"end":{"line":59,"column":3}},"loc":{"start":{"line":59,"column":15},"end":{"line":99,"column":3}},"line":59},"3":{"name":"(anonymous_3)","decl":{"start":{"line":63,"column":12},"end":{"line":63,"column":13}},"loc":{"start":{"line":63,"column":22},"end":{"line":98,"column":7}},"line":63},"4":{"name":"(anonymous_4)","decl":{"start":{"line":71,"column":16},"end":{"line":71,"column":17}},"loc":{"start":{"line":71,"column":29},"end":{"line":97,"column":11}},"line":71},"5":{"name":"(anonymous_5)","decl":{"start":{"line":76,"column":20},"end":{"line":76,"column":21}},"loc":{"start":{"line":76,"column":38},"end":{"line":96,"column":15}},"line":76},"6":{"name":"(anonymous_6)","decl":{"start":{"line":101,"column":2},"end":{"line":101,"column":3}},"loc":{"start":{"line":101,"column":21},"end":{"line":104,"column":3}},"line":101},"7":{"name":"(anonymous_7)","decl":{"start":{"line":106,"column":2},"end":{"line":106,"column":3}},"loc":{"start":{"line":106,"column":11},"end":{"line":130,"column":3}},"line":106}},"branchMap":{"0":{"loc":{"start":{"line":80,"column":16},"end":{"line":84,"column":17}},"type":"if","locations":[{"start":{"line":80,"column":16},"end":{"line":84,"column":17}},{"start":{"line":80,"column":16},"end":{"line":84,"column":17}}],"line":80}},"s":{"0":1,"1":1,"2":1,"3":1,"4":2,"5":2,"6":3,"7":3,"8":2,"9":2,"10":2,"11":2,"12":2,"13":2,"14":2,"15":2,"16":2,"17":2,"18":2,"19":2,"20":1,"21":1,"22":2,"23":1,"24":1,"25":4,"26":4,"27":4,"28":4,"29":4},"f":{"0":1,"1":2,"2":3,"3":2,"4":2,"5":2,"6":1,"7":4},"b":{"0":[1,1]},"_coverageSchema":"1a1c01bbd47fc00a2c39e90264f33305004495a9","hash":"0fd687c2c8190f8e524da25b3b03f7d9b845b061"}
,"/Users/ericbyungkim/Desktop/Croxy/DockerCart/client/components/ExtDetails.jsx": {"path":"/Users/ericbyungkim/Desktop/Croxy/DockerCart/client/components/ExtDetails.jsx","statementMap":{"0":{"start":{"line":7,"column":4},"end":{"line":7,"column":17}},"1":{"start":{"line":8,"column":4},"end":{"line":18,"column":6}},"2":{"start":{"line":19,"column":4},"end":{"line":19,"column":59}},"3":{"start":{"line":20,"column":4},"end":{"line":20,"column":61}},"4":{"start":{"line":21,"column":4},"end":{"line":21,"column":61}},"5":{"start":{"line":22,"column":4},"end":{"line":22,"column":63}},"6":{"start":{"line":26,"column":31},"end":{"line":26,"column":41}},"7":{"start":{"line":27,"column":4},"end":{"line":36,"column":5}},"8":{"start":{"line":28,"column":6},"end":{"line":35,"column":8}},"9":{"start":{"line":37,"column":4},"end":{"line":37,"column":20}},"10":{"start":{"line":43,"column":8},"end":{"line":43,"column":18}},"11":{"start":{"line":44,"column":27},"end":{"line":44,"column":37}},"12":{"start":{"line":45,"column":28},"end":{"line":45,"column":38}},"13":{"start":{"line":46,"column":4},"end":{"line":67,"column":5}},"14":{"start":{"line":47,"column":6},"end":{"line":66,"column":8}},"15":{"start":{"line":68,"column":4},"end":{"line":68,"column":20}},"16":{"start":{"line":72,"column":32},"end":{"line":72,"column":42}},"17":{"start":{"line":80,"column":8},"end":{"line":80,"column":18}},"18":{"start":{"line":81,"column":4},"end":{"line":92,"column":5}},"19":{"start":{"line":82,"column":6},"end":{"line":91,"column":8}},"20":{"start":{"line":93,"column":4},"end":{"line":93,"column":20}},"21":{"start":{"line":97,"column":4},"end":{"line":136,"column":5}},"22":{"start":{"line":98,"column":47},"end":{"line":98,"column":57}},"23":{"start":{"line":99,"column":6},"end":{"line":99,"column":39}},"24":{"start":{"line":100,"column":6},"end":{"line":104,"column":7}},"25":{"start":{"line":101,"column":8},"end":{"line":101,"column":43}},"26":{"start":{"line":103,"column":8},"end":{"line":103,"column":45}},"27":{"start":{"line":105,"column":6},"end":{"line":105,"column":56}},"28":{"start":{"line":106,"column":11},"end":{"line":136,"column":5}},"29":{"start":{"line":107,"column":52},"end":{"line":107,"column":62}},"30":{"start":{"line":108,"column":6},"end":{"line":108,"column":47}},"31":{"start":{"line":109,"column":6},"end":{"line":113,"column":7}},"32":{"start":{"line":110,"column":8},"end":{"line":110,"column":44}},"33":{"start":{"line":112,"column":8},"end":{"line":112,"column":46}},"34":{"start":{"line":114,"column":6},"end":{"line":114,"column":61}},"35":{"start":{"line":115,"column":11},"end":{"line":136,"column":5}},"36":{"start":{"line":116,"column":49},"end":{"line":116,"column":59}},"37":{"start":{"line":117,"column":6},"end":{"line":117,"column":41}},"38":{"start":{"line":118,"column":6},"end":{"line":122,"column":7}},"39":{"start":{"line":119,"column":8},"end":{"line":119,"column":44}},"40":{"start":{"line":121,"column":8},"end":{"line":121,"column":46}},"41":{"start":{"line":123,"column":6},"end":{"line":123,"column":58}},"42":{"start":{"line":124,"column":11},"end":{"line":136,"column":5}},"43":{"start":{"line":125,"column":63},"end":{"line":125,"column":73}},"44":{"start":{"line":126,"column":6},"end":{"line":134,"column":7}},"45":{"start":{"line":127,"column":8},"end":{"line":127,"column":42}},"46":{"start":{"line":128,"column":8},"end":{"line":128,"column":28}},"47":{"start":{"line":129,"column":8},"end":{"line":129,"column":59}},"48":{"start":{"line":131,"column":8},"end":{"line":131,"column":29}},"49":{"start":{"line":132,"column":8},"end":{"line":132,"column":44}},"50":{"start":{"line":133,"column":8},"end":{"line":133,"column":37}},"51":{"start":{"line":135,"column":6},"end":{"line":135,"column":72}},"52":{"start":{"line":140,"column":27},"end":{"line":140,"column":37}},"53":{"start":{"line":141,"column":36},"end":{"line":141,"column":46}},"54":{"start":{"line":142,"column":65},"end":{"line":142,"column":75}},"55":{"start":{"line":144,"column":6},"end":{"line":159,"column":7}},"56":{"start":{"line":146,"column":8},"end":{"line":151,"column":10}},"57":{"start":{"line":160,"column":6},"end":{"line":165,"column":8}},"58":{"start":{"line":168,"column":30},"end":{"line":168,"column":55}},"59":{"start":{"line":169,"column":6},"end":{"line":190,"column":7}},"60":{"start":{"line":170,"column":8},"end":{"line":189,"column":10}},"61":{"start":{"line":190,"column":8},"end":{"line":237,"column":7}},"62":{"start":{"line":191,"column":8},"end":{"line":236,"column":10}},"63":{"start":{"line":238,"column":6},"end":{"line":240,"column":8}},"64":{"start":{"line":242,"column":4},"end":{"line":308,"column":6}},"65":{"start":{"line":314,"column":0},"end":{"line":336,"column":2}},"66":{"start":{"line":338,"column":0},"end":{"line":360,"column":2}}},"fnMap":{"0":{"name":"(anonymous_0)","decl":{"start":{"line":6,"column":2},"end":{"line":6,"column":3}},"loc":{"start":{"line":6,"column":21},"end":{"line":23,"column":3}},"line":6},"1":{"name":"(anonymous_1)","decl":{"start":{"line":25,"column":2},"end":{"line":25,"column":3}},"loc":{"start":{"line":25,"column":21},"end":{"line":38,"column":3}},"line":25},"2":{"name":"(anonymous_2)","decl":{"start":{"line":40,"column":2},"end":{"line":40,"column":3}},"loc":{"start":{"line":40,"column":21},"end":{"line":69,"column":3}},"line":40},"3":{"name":"(anonymous_3)","decl":{"start":{"line":71,"column":2},"end":{"line":71,"column":3}},"loc":{"start":{"line":71,"column":22},"end":{"line":94,"column":3}},"line":71},"4":{"name":"(anonymous_4)","decl":{"start":{"line":96,"column":2},"end":{"line":96,"column":3}},"loc":{"start":{"line":96,"column":21},"end":{"line":137,"column":3}},"line":96},"5":{"name":"(anonymous_5)","decl":{"start":{"line":139,"column":2},"end":{"line":139,"column":3}},"loc":{"start":{"line":139,"column":11},"end":{"line":309,"column":3}},"line":139},"6":{"name":"getFirstRandDescription","decl":{"start":{"line":143,"column":13},"end":{"line":143,"column":36}},"loc":{"start":{"line":143,"column":39},"end":{"line":166,"column":5}},"line":143},"7":{"name":"getFirstDetail","decl":{"start":{"line":167,"column":13},"end":{"line":167,"column":27}},"loc":{"start":{"line":167,"column":30},"end":{"line":241,"column":5}},"line":167}},"branchMap":{"0":{"loc":{"start":{"line":27,"column":4},"end":{"line":36,"column":5}},"type":"if","locations":[{"start":{"line":27,"column":4},"end":{"line":36,"column":5}},{"start":{"line":27,"column":4},"end":{"line":36,"column":5}}],"line":27},"1":{"loc":{"start":{"line":46,"column":4},"end":{"line":67,"column":5}},"type":"if","locations":[{"start":{"line":46,"column":4},"end":{"line":67,"column":5}},{"start":{"line":46,"column":4},"end":{"line":67,"column":5}}],"line":46},"2":{"loc":{"start":{"line":81,"column":4},"end":{"line":92,"column":5}},"type":"if","locations":[{"start":{"line":81,"column":4},"end":{"line":92,"column":5}},{"start":{"line":81,"column":4},"end":{"line":92,"column":5}}],"line":81},"3":{"loc":{"start":{"line":97,"column":4},"end":{"line":136,"column":5}},"type":"if","locations":[{"start":{"line":97,"column":4},"end":{"line":136,"column":5}},{"start":{"line":97,"column":4},"end":{"line":136,"column":5}}],"line":97},"4":{"loc":{"start":{"line":97,"column":8},"end":{"line":97,"column":102}},"type":"binary-expr","locations":[{"start":{"line":97,"column":8},"end":{"line":97,"column":51}},{"start":{"line":97,"column":55},"end":{"line":97,"column":102}}],"line":97},"5":{"loc":{"start":{"line":100,"column":6},"end":{"line":104,"column":7}},"type":"if","locations":[{"start":{"line":100,"column":6},"end":{"line":104,"column":7}},{"start":{"line":100,"column":6},"end":{"line":104,"column":7}}],"line":100},"6":{"loc":{"start":{"line":106,"column":11},"end":{"line":136,"column":5}},"type":"if","locations":[{"start":{"line":106,"column":11},"end":{"line":136,"column":5}},{"start":{"line":106,"column":11},"end":{"line":136,"column":5}}],"line":106},"7":{"loc":{"start":{"line":106,"column":15},"end":{"line":106,"column":117}},"type":"binary-expr","locations":[{"start":{"line":106,"column":15},"end":{"line":106,"column":62}},{"start":{"line":106,"column":66},"end":{"line":106,"column":117}}],"line":106},"8":{"loc":{"start":{"line":109,"column":6},"end":{"line":113,"column":7}},"type":"if","locations":[{"start":{"line":109,"column":6},"end":{"line":113,"column":7}},{"start":{"line":109,"column":6},"end":{"line":113,"column":7}}],"line":109},"9":{"loc":{"start":{"line":115,"column":11},"end":{"line":136,"column":5}},"type":"if","locations":[{"start":{"line":115,"column":11},"end":{"line":136,"column":5}},{"start":{"line":115,"column":11},"end":{"line":136,"column":5}}],"line":115},"10":{"loc":{"start":{"line":115,"column":15},"end":{"line":115,"column":111}},"type":"binary-expr","locations":[{"start":{"line":115,"column":15},"end":{"line":115,"column":59}},{"start":{"line":115,"column":63},"end":{"line":115,"column":111}}],"line":115},"11":{"loc":{"start":{"line":118,"column":6},"end":{"line":122,"column":7}},"type":"if","locations":[{"start":{"line":118,"column":6},"end":{"line":122,"column":7}},{"start":{"line":118,"column":6},"end":{"line":122,"column":7}}],"line":118},"12":{"loc":{"start":{"line":124,"column":11},"end":{"line":136,"column":5}},"type":"if","locations":[{"start":{"line":124,"column":11},"end":{"line":136,"column":5}},{"start":{"line":124,"column":11},"end":{"line":136,"column":5}}],"line":124},"13":{"loc":{"start":{"line":126,"column":6},"end":{"line":134,"column":7}},"type":"if","locations":[{"start":{"line":126,"column":6},"end":{"line":134,"column":7}},{"start":{"line":126,"column":6},"end":{"line":134,"column":7}}],"line":126},"14":{"loc":{"start":{"line":144,"column":6},"end":{"line":159,"column":7}},"type":"if","locations":[{"start":{"line":144,"column":6},"end":{"line":159,"column":7}},{"start":{"line":144,"column":6},"end":{"line":159,"column":7}}],"line":144},"15":{"loc":{"start":{"line":169,"column":6},"end":{"line":190,"column":7}},"type":"if","locations":[{"start":{"line":169,"column":6},"end":{"line":190,"column":7}},{"start":{"line":169,"column":6},"end":{"line":190,"column":7}}],"line":169},"16":{"loc":{"start":{"line":190,"column":8},"end":{"line":237,"column":7}},"type":"if","locations":[{"start":{"line":190,"column":8},"end":{"line":237,"column":7}},{"start":{"line":190,"column":8},"end":{"line":237,"column":7}}],"line":190}},"s":{"0":9,"1":9,"2":9,"3":9,"4":9,"5":9,"6":18,"7":18,"8":17,"9":1,"10":18,"11":18,"12":18,"13":18,"14":17,"15":1,"16":18,"17":18,"18":18,"19":17,"20":1,"21":7,"22":1,"23":1,"24":1,"25":0,"26":1,"27":1,"28":6,"29":1,"30":1,"31":1,"32":0,"33":1,"34":1,"35":5,"36":1,"37":1,"38":1,"39":0,"40":1,"41":1,"42":4,"43":3,"44":3,"45":1,"46":1,"47":1,"48":2,"49":2,"50":2,"51":3,"52":18,"53":18,"54":18,"55":18,"56":1,"57":17,"58":18,"59":18,"60":1,"61":17,"62":16,"63":1,"64":18,"65":2,"66":2},"f":{"0":9,"1":18,"2":18,"3":18,"4":7,"5":18,"6":18,"7":18},"b":{"0":[17,1],"1":[17,1],"2":[17,1],"3":[1,6],"4":[7,6],"5":[0,1],"6":[1,5],"7":[6,5],"8":[0,1],"9":[1,4],"10":[5,4],"11":[0,1],"12":[3,1],"13":[1,2],"14":[1,17],"15":[1,17],"16":[16,1]},"_coverageSchema":"1a1c01bbd47fc00a2c39e90264f33305004495a9","hash":"cb41976e08bf59778af70af8c244c21267f29aeb"}
,"/Users/ericbyungkim/Desktop/Croxy/DockerCart/client/components/Info.jsx": {"path":"/Users/ericbyungkim/Desktop/Croxy/DockerCart/client/components/Info.jsx","statementMap":{"0":{"start":{"line":8,"column":4},"end":{"line":8,"column":17}},"1":{"start":{"line":9,"column":4},"end":{"line":11,"column":6}},"2":{"start":{"line":15,"column":21},"end":{"line":15,"column":31}},"3":{"start":{"line":16,"column":42},"end":{"line":16,"column":46}},"4":{"start":{"line":17,"column":12},"end":{"line":17,"column":13}},"5":{"start":{"line":18,"column":22},"end":{"line":18,"column":25}},"6":{"start":{"line":20,"column":6},"end":{"line":20,"column":13}},"7":{"start":{"line":21,"column":6},"end":{"line":29,"column":7}},"8":{"start":{"line":22,"column":8},"end":{"line":28,"column":10}},"9":{"start":{"line":30,"column":6},"end":{"line":37,"column":7}},"10":{"start":{"line":31,"column":8},"end":{"line":36,"column":10}},"11":{"start":{"line":38,"column":6},"end":{"line":45,"column":8}},"12":{"start":{"line":48,"column":6},"end":{"line":56,"column":7}},"13":{"start":{"line":49,"column":8},"end":{"line":55,"column":10}},"14":{"start":{"line":57,"column":6},"end":{"line":61,"column":8}},"15":{"start":{"line":63,"column":21},"end":{"line":63,"column":38}},"16":{"start":{"line":64,"column":22},"end":{"line":64,"column":52}},"17":{"start":{"line":65,"column":29},"end":{"line":65,"column":55}},"18":{"start":{"line":66,"column":4},"end":{"line":78,"column":6}},"19":{"start":{"line":82,"column":0},"end":{"line":88,"column":2}},"20":{"start":{"line":90,"column":0},"end":{"line":96,"column":2}}},"fnMap":{"0":{"name":"(anonymous_0)","decl":{"start":{"line":7,"column":2},"end":{"line":7,"column":3}},"loc":{"start":{"line":7,"column":21},"end":{"line":12,"column":3}},"line":7},"1":{"name":"(anonymous_1)","decl":{"start":{"line":14,"column":2},"end":{"line":14,"column":3}},"loc":{"start":{"line":14,"column":11},"end":{"line":79,"column":3}},"line":14},"2":{"name":"mapFunc","decl":{"start":{"line":19,"column":13},"end":{"line":19,"column":20}},"loc":{"start":{"line":19,"column":28},"end":{"line":46,"column":5}},"line":19},"3":{"name":"getAvailable","decl":{"start":{"line":47,"column":13},"end":{"line":47,"column":25}},"loc":{"start":{"line":47,"column":33},"end":{"line":62,"column":5}},"line":47}},"branchMap":{"0":{"loc":{"start":{"line":21,"column":6},"end":{"line":29,"column":7}},"type":"if","locations":[{"start":{"line":21,"column":6},"end":{"line":29,"column":7}},{"start":{"line":21,"column":6},"end":{"line":29,"column":7}}],"line":21},"1":{"loc":{"start":{"line":21,"column":10},"end":{"line":21,"column":36}},"type":"binary-expr","locations":[{"start":{"line":21,"column":10},"end":{"line":21,"column":17}},{"start":{"line":21,"column":21},"end":{"line":21,"column":36}}],"line":21},"2":{"loc":{"start":{"line":30,"column":6},"end":{"line":37,"column":7}},"type":"if","locations":[{"start":{"line":30,"column":6},"end":{"line":37,"column":7}},{"start":{"line":30,"column":6},"end":{"line":37,"column":7}}],"line":30},"3":{"loc":{"start":{"line":48,"column":6},"end":{"line":56,"column":7}},"type":"if","locations":[{"start":{"line":48,"column":6},"end":{"line":56,"column":7}},{"start":{"line":48,"column":6},"end":{"line":56,"column":7}}],"line":48}},"s":{"0":4,"1":4,"2":7,"3":7,"4":7,"5":7,"6":21,"7":21,"8":6,"9":15,"10":6,"11":9,"12":7,"13":6,"14":1,"15":7,"16":7,"17":7,"18":7,"19":2,"20":2},"f":{"0":4,"1":7,"2":21,"3":7},"b":{"0":[6,15],"1":[21,6],"2":[6,9],"3":[6,1]},"_coverageSchema":"1a1c01bbd47fc00a2c39e90264f33305004495a9","hash":"5d10f0f9c02467f85e8d882f9042e32eb4111b7b"}
,"/Users/ericbyungkim/Desktop/Croxy/DockerCart/client/components/Messages.jsx": {"path":"/Users/ericbyungkim/Desktop/Croxy/DockerCart/client/components/Messages.jsx","statementMap":{"0":{"start":{"line":7,"column":4},"end":{"line":7,"column":17}},"1":{"start":{"line":8,"column":4},"end":{"line":9,"column":6}},"2":{"start":{"line":10,"column":4},"end":{"line":10,"column":41}},"3":{"start":{"line":14,"column":4},"end":{"line":14,"column":26}},"4":{"start":{"line":18,"column":4},"end":{"line":18,"column":52}},"5":{"start":{"line":19,"column":4},"end":{"line":19,"column":26}},"6":{"start":{"line":23,"column":4},"end":{"line":23,"column":60}},"7":{"start":{"line":27,"column":33},"end":{"line":27,"column":43}},"8":{"start":{"line":28,"column":18},"end":{"line":28,"column":20}},"9":{"start":{"line":29,"column":18},"end":{"line":29,"column":19}},"10":{"start":{"line":31,"column":6},"end":{"line":35,"column":7}},"11":{"start":{"line":31,"column":19},"end":{"line":31,"column":20}},"12":{"start":{"line":32,"column":8},"end":{"line":34,"column":9}},"13":{"start":{"line":33,"column":10},"end":{"line":33,"column":23}},"14":{"start":{"line":36,"column":6},"end":{"line":39,"column":7}},"15":{"start":{"line":37,"column":8},"end":{"line":37,"column":20}},"16":{"start":{"line":38,"column":8},"end":{"line":38,"column":20}},"17":{"start":{"line":40,"column":6},"end":{"line":40,"column":18}},"18":{"start":{"line":41,"column":6},"end":{"line":41,"column":18}},"19":{"start":{"line":43,"column":19},"end":{"line":43,"column":20}},"20":{"start":{"line":44,"column":27},"end":{"line":82,"column":6}},"21":{"start":{"line":45,"column":6},"end":{"line":45,"column":20}},"22":{"start":{"line":46,"column":24},"end":{"line":46,"column":55}},"23":{"start":{"line":47,"column":6},"end":{"line":47,"column":28}},"24":{"start":{"line":48,"column":6},"end":{"line":80,"column":7}},"25":{"start":{"line":49,"column":8},"end":{"line":67,"column":9}},"26":{"start":{"line":50,"column":10},"end":{"line":66,"column":12}},"27":{"start":{"line":68,"column":8},"end":{"line":79,"column":10}},"28":{"start":{"line":81,"column":6},"end":{"line":81,"column":18}},"29":{"start":{"line":83,"column":4},"end":{"line":95,"column":5}},"30":{"start":{"line":84,"column":6},"end":{"line":94,"column":8}},"31":{"start":{"line":91,"column":27},"end":{"line":91,"column":49}},"32":{"start":{"line":96,"column":4},"end":{"line":110,"column":6}},"33":{"start":{"line":107,"column":25},"end":{"line":107,"column":47}},"34":{"start":{"line":114,"column":0},"end":{"line":120,"column":2}},"35":{"start":{"line":122,"column":0},"end":{"line":125,"column":2}}},"fnMap":{"0":{"name":"(anonymous_0)","decl":{"start":{"line":6,"column":2},"end":{"line":6,"column":3}},"loc":{"start":{"line":6,"column":21},"end":{"line":11,"column":3}},"line":6},"1":{"name":"(anonymous_1)","decl":{"start":{"line":13,"column":2},"end":{"line":13,"column":3}},"loc":{"start":{"line":13,"column":22},"end":{"line":15,"column":3}},"line":13},"2":{"name":"(anonymous_2)","decl":{"start":{"line":17,"column":2},"end":{"line":17,"column":3}},"loc":{"start":{"line":17,"column":23},"end":{"line":20,"column":3}},"line":17},"3":{"name":"(anonymous_3)","decl":{"start":{"line":22,"column":2},"end":{"line":22,"column":3}},"loc":{"start":{"line":22,"column":19},"end":{"line":24,"column":3}},"line":22},"4":{"name":"(anonymous_4)","decl":{"start":{"line":26,"column":2},"end":{"line":26,"column":3}},"loc":{"start":{"line":26,"column":11},"end":{"line":111,"column":3}},"line":26},"5":{"name":"showTime","decl":{"start":{"line":30,"column":13},"end":{"line":30,"column":21}},"loc":{"start":{"line":30,"column":42},"end":{"line":42,"column":5}},"line":30},"6":{"name":"(anonymous_6)","decl":{"start":{"line":44,"column":42},"end":{"line":44,"column":43}},"loc":{"start":{"line":44,"column":60},"end":{"line":82,"column":5}},"line":44},"7":{"name":"(anonymous_7)","decl":{"start":{"line":91,"column":17},"end":{"line":91,"column":18}},"loc":{"start":{"line":91,"column":25},"end":{"line":91,"column":51}},"line":91},"8":{"name":"(anonymous_8)","decl":{"start":{"line":107,"column":15},"end":{"line":107,"column":16}},"loc":{"start":{"line":107,"column":23},"end":{"line":107,"column":49}},"line":107}},"branchMap":{"0":{"loc":{"start":{"line":32,"column":8},"end":{"line":34,"column":9}},"type":"if","locations":[{"start":{"line":32,"column":8},"end":{"line":34,"column":9}},{"start":{"line":32,"column":8},"end":{"line":34,"column":9}}],"line":32},"1":{"loc":{"start":{"line":36,"column":6},"end":{"line":39,"column":7}},"type":"if","locations":[{"start":{"line":36,"column":6},"end":{"line":39,"column":7}},{"start":{"line":36,"column":6},"end":{"line":39,"column":7}}],"line":36},"2":{"loc":{"start":{"line":48,"column":6},"end":{"line":80,"column":7}},"type":"if","locations":[{"start":{"line":48,"column":6},"end":{"line":80,"column":7}},{"start":{"line":48,"column":6},"end":{"line":80,"column":7}}],"line":48},"3":{"loc":{"start":{"line":49,"column":8},"end":{"line":67,"column":9}},"type":"if","locations":[{"start":{"line":49,"column":8},"end":{"line":67,"column":9}},{"start":{"line":49,"column":8},"end":{"line":67,"column":9}}],"line":49},"4":{"loc":{"start":{"line":83,"column":4},"end":{"line":95,"column":5}},"type":"if","locations":[{"start":{"line":83,"column":4},"end":{"line":95,"column":5}},{"start":{"line":83,"column":4},"end":{"line":95,"column":5}}],"line":83}},"s":{"0":4,"1":4,"2":4,"3":4,"4":9,"5":9,"6":13,"7":13,"8":13,"9":13,"10":4,"11":4,"12":6,"13":5,"14":4,"15":3,"16":3,"17":1,"18":1,"19":13,"20":13,"21":10,"22":10,"23":10,"24":10,"25":4,"26":2,"27":2,"28":6,"29":13,"30":8,"31":13,"32":5,"33":9,"34":3,"35":3},"f":{"0":4,"1":4,"2":9,"3":13,"4":13,"5":4,"6":10,"7":13,"8":9},"b":{"0":[5,1],"1":[3,1],"2":[4,6],"3":[2,2],"4":[8,5]},"_coverageSchema":"1a1c01bbd47fc00a2c39e90264f33305004495a9","hash":"012703ad5c6b43dd09817c5c83db7da9eec38552"}
,"/Users/ericbyungkim/Desktop/Croxy/DockerCart/client/components/Rating.jsx": {"path":"/Users/ericbyungkim/Desktop/Croxy/DockerCart/client/components/Rating.jsx","statementMap":{"0":{"start":{"line":6,"column":4},"end":{"line":6,"column":17}},"1":{"start":{"line":7,"column":4},"end":{"line":9,"column":6}},"2":{"start":{"line":15,"column":8},"end":{"line":15,"column":18}},"3":{"start":{"line":18,"column":8},"end":{"line":18,"column":14}},"4":{"start":{"line":21,"column":8},"end":{"line":21,"column":14}},"5":{"start":{"line":22,"column":20},"end":{"line":22,"column":22}},"6":{"start":{"line":23,"column":4},"end":{"line":36,"column":5}},"7":{"start":{"line":23,"column":17},"end":{"line":23,"column":18}},"8":{"start":{"line":24,"column":6},"end":{"line":35,"column":7}},"9":{"start":{"line":25,"column":8},"end":{"line":31,"column":9}},"10":{"start":{"line":26,"column":10},"end":{"line":26,"column":431}},"11":{"start":{"line":27,"column":10},"end":{"line":27,"column":36}},"12":{"start":{"line":29,"column":10},"end":{"line":29,"column":482}},"13":{"start":{"line":30,"column":10},"end":{"line":30,"column":36}},"14":{"start":{"line":33,"column":8},"end":{"line":33,"column":319}},"15":{"start":{"line":34,"column":8},"end":{"line":34,"column":19}},"16":{"start":{"line":37,"column":4},"end":{"line":50,"column":6}},"17":{"start":{"line":54,"column":0},"end":{"line":60,"column":2}},"18":{"start":{"line":62,"column":0},"end":{"line":68,"column":2}}},"fnMap":{"0":{"name":"(anonymous_0)","decl":{"start":{"line":5,"column":2},"end":{"line":5,"column":3}},"loc":{"start":{"line":5,"column":21},"end":{"line":10,"column":3}},"line":5},"1":{"name":"(anonymous_1)","decl":{"start":{"line":12,"column":2},"end":{"line":12,"column":3}},"loc":{"start":{"line":12,"column":11},"end":{"line":51,"column":3}},"line":12}},"branchMap":{"0":{"loc":{"start":{"line":24,"column":6},"end":{"line":35,"column":7}},"type":"if","locations":[{"start":{"line":24,"column":6},"end":{"line":35,"column":7}},{"start":{"line":24,"column":6},"end":{"line":35,"column":7}}],"line":24},"1":{"loc":{"start":{"line":25,"column":8},"end":{"line":31,"column":9}},"type":"if","locations":[{"start":{"line":25,"column":8},"end":{"line":31,"column":9}},{"start":{"line":25,"column":8},"end":{"line":31,"column":9}}],"line":25},"2":{"loc":{"start":{"line":25,"column":12},"end":{"line":25,"column":40}},"type":"binary-expr","locations":[{"start":{"line":25,"column":12},"end":{"line":25,"column":25}},{"start":{"line":25,"column":29},"end":{"line":25,"column":40}}],"line":25}},"s":{"0":4,"1":4,"2":7,"3":7,"4":7,"5":7,"6":7,"7":7,"8":35,"9":21,"10":1,"11":1,"12":20,"13":20,"14":14,"15":14,"16":7,"17":2,"18":2},"f":{"0":4,"1":7},"b":{"0":[21,14],"1":[1,20],"2":[21,1]},"_coverageSchema":"1a1c01bbd47fc00a2c39e90264f33305004495a9","hash":"57fdfa4a175143588e1b0979197b16c6036e4fd8"}
,"/Users/ericbyungkim/Desktop/Croxy/DockerCart/client/components/Selector.jsx": {"path":"/Users/ericbyungkim/Desktop/Croxy/DockerCart/client/components/Selector.jsx","statementMap":{"0":{"start":{"line":6,"column":4},"end":{"line":6,"column":17}},"1":{"start":{"line":7,"column":4},"end":{"line":9,"column":6}},"2":{"start":{"line":13,"column":26},"end":{"line":13,"column":36}},"3":{"start":{"line":14,"column":12},"end":{"line":14,"column":14}},"4":{"start":{"line":15,"column":12},"end":{"line":15,"column":14}},"5":{"start":{"line":17,"column":6},"end":{"line":17,"column":13}},"6":{"start":{"line":18,"column":6},"end":{"line":22,"column":8}},"7":{"start":{"line":25,"column":6},"end":{"line":25,"column":13}},"8":{"start":{"line":26,"column":6},"end":{"line":26,"column":13}},"9":{"start":{"line":27,"column":6},"end":{"line":35,"column":8}},"10":{"start":{"line":37,"column":25},"end":{"line":37,"column":49}},"11":{"start":{"line":39,"column":4},"end":{"line":43,"column":6}},"12":{"start":{"line":49,"column":0},"end":{"line":56,"column":2}},"13":{"start":{"line":58,"column":0},"end":{"line":63,"column":2}}},"fnMap":{"0":{"name":"(anonymous_0)","decl":{"start":{"line":5,"column":2},"end":{"line":5,"column":3}},"loc":{"start":{"line":5,"column":21},"end":{"line":10,"column":3}},"line":5},"1":{"name":"(anonymous_1)","decl":{"start":{"line":12,"column":2},"end":{"line":12,"column":3}},"loc":{"start":{"line":12,"column":11},"end":{"line":44,"column":3}},"line":12},"2":{"name":"selectorMap","decl":{"start":{"line":16,"column":13},"end":{"line":16,"column":24}},"loc":{"start":{"line":16,"column":34},"end":{"line":23,"column":5}},"line":16},"3":{"name":"optionMap","decl":{"start":{"line":24,"column":13},"end":{"line":24,"column":22}},"loc":{"start":{"line":24,"column":31},"end":{"line":36,"column":5}},"line":24}},"branchMap":{},"s":{"0":2,"1":2,"2":5,"3":5,"4":5,"5":21,"6":21,"7":8,"8":8,"9":8,"10":5,"11":5,"12":2,"13":2},"f":{"0":2,"1":5,"2":21,"3":8},"b":{},"_coverageSchema":"1a1c01bbd47fc00a2c39e90264f33305004495a9","hash":"3005dc656aa069bd41301e7ddceee6c60ac0ed3c"}
,"/Users/ericbyungkim/Desktop/Croxy/DockerCart/client/components/Seller.jsx": {"path":"/Users/ericbyungkim/Desktop/Croxy/DockerCart/client/components/Seller.jsx","statementMap":{"0":{"start":{"line":8,"column":4},"end":{"line":8,"column":17}},"1":{"start":{"line":9,"column":4},"end":{"line":15,"column":6}},"2":{"start":{"line":16,"column":4},"end":{"line":16,"column":42}},"3":{"start":{"line":17,"column":4},"end":{"line":17,"column":41}},"4":{"start":{"line":18,"column":4},"end":{"line":18,"column":53}},"5":{"start":{"line":19,"column":4},"end":{"line":19,"column":53}},"6":{"start":{"line":20,"column":4},"end":{"line":20,"column":45}},"7":{"start":{"line":21,"column":4},"end":{"line":21,"column":59}},"8":{"start":{"line":22,"column":4},"end":{"line":22,"column":53}},"9":{"start":{"line":26,"column":4},"end":{"line":26,"column":23}},"10":{"start":{"line":27,"column":22},"end":{"line":27,"column":32}},"11":{"start":{"line":28,"column":27},"end":{"line":28,"column":37}},"12":{"start":{"line":29,"column":17},"end":{"line":29,"column":25}},"13":{"start":{"line":30,"column":4},"end":{"line":30,"column":39}},"14":{"start":{"line":31,"column":4},"end":{"line":31,"column":17}},"15":{"start":{"line":32,"column":4},"end":{"line":32,"column":43}},"16":{"start":{"line":36,"column":4},"end":{"line":39,"column":5}},"17":{"start":{"line":37,"column":6},"end":{"line":37,"column":25}},"18":{"start":{"line":38,"column":6},"end":{"line":38,"column":40}},"19":{"start":{"line":43,"column":20},"end":{"line":43,"column":34}},"20":{"start":{"line":44,"column":4},"end":{"line":44,"column":31}},"21":{"start":{"line":48,"column":40},"end":{"line":48,"column":50}},"22":{"start":{"line":49,"column":4},"end":{"line":55,"column":5}},"23":{"start":{"line":50,"column":6},"end":{"line":50,"column":33}},"24":{"start":{"line":51,"column":6},"end":{"line":51,"column":38}},"25":{"start":{"line":53,"column":6},"end":{"line":53,"column":28}},"26":{"start":{"line":54,"column":6},"end":{"line":54,"column":40}},"27":{"start":{"line":56,"column":4},"end":{"line":56,"column":49}},"28":{"start":{"line":60,"column":27},"end":{"line":60,"column":37}},"29":{"start":{"line":61,"column":4},"end":{"line":65,"column":5}},"30":{"start":{"line":62,"column":6},"end":{"line":62,"column":36}},"31":{"start":{"line":64,"column":6},"end":{"line":64,"column":28}},"32":{"start":{"line":66,"column":4},"end":{"line":66,"column":36}},"33":{"start":{"line":70,"column":33},"end":{"line":70,"column":43}},"34":{"start":{"line":71,"column":21},"end":{"line":71,"column":27}},"35":{"start":{"line":78,"column":8},"end":{"line":78,"column":18}},"36":{"start":{"line":79,"column":4},"end":{"line":166,"column":6}},"37":{"start":{"line":170,"column":0},"end":{"line":175,"column":2}},"38":{"start":{"line":177,"column":0},"end":{"line":182,"column":2}}},"fnMap":{"0":{"name":"(anonymous_0)","decl":{"start":{"line":7,"column":2},"end":{"line":7,"column":3}},"loc":{"start":{"line":7,"column":21},"end":{"line":23,"column":3}},"line":7},"1":{"name":"(anonymous_1)","decl":{"start":{"line":25,"column":2},"end":{"line":25,"column":3}},"loc":{"start":{"line":25,"column":18},"end":{"line":33,"column":3}},"line":25},"2":{"name":"(anonymous_2)","decl":{"start":{"line":35,"column":2},"end":{"line":35,"column":3}},"loc":{"start":{"line":35,"column":18},"end":{"line":40,"column":3}},"line":35},"3":{"name":"(anonymous_3)","decl":{"start":{"line":42,"column":2},"end":{"line":42,"column":3}},"loc":{"start":{"line":42,"column":14},"end":{"line":45,"column":3}},"line":42},"4":{"name":"(anonymous_4)","decl":{"start":{"line":47,"column":2},"end":{"line":47,"column":3}},"loc":{"start":{"line":47,"column":20},"end":{"line":57,"column":3}},"line":47},"5":{"name":"(anonymous_5)","decl":{"start":{"line":59,"column":2},"end":{"line":59,"column":3}},"loc":{"start":{"line":59,"column":17},"end":{"line":67,"column":3}},"line":59},"6":{"name":"(anonymous_6)","decl":{"start":{"line":69,"column":2},"end":{"line":69,"column":3}},"loc":{"start":{"line":69,"column":11},"end":{"line":167,"column":3}},"line":69}},"branchMap":{"0":{"loc":{"start":{"line":36,"column":4},"end":{"line":39,"column":5}},"type":"if","locations":[{"start":{"line":36,"column":4},"end":{"line":39,"column":5}},{"start":{"line":36,"column":4},"end":{"line":39,"column":5}}],"line":36},"1":{"loc":{"start":{"line":36,"column":8},"end":{"line":36,"column":48}},"type":"binary-expr","locations":[{"start":{"line":36,"column":8},"end":{"line":36,"column":24}},{"start":{"line":36,"column":28},"end":{"line":36,"column":48}}],"line":36},"2":{"loc":{"start":{"line":49,"column":4},"end":{"line":55,"column":5}},"type":"if","locations":[{"start":{"line":49,"column":4},"end":{"line":55,"column":5}},{"start":{"line":49,"column":4},"end":{"line":55,"column":5}}],"line":49},"3":{"loc":{"start":{"line":61,"column":4},"end":{"line":65,"column":5}},"type":"if","locations":[{"start":{"line":61,"column":4},"end":{"line":65,"column":5}},{"start":{"line":61,"column":4},"end":{"line":65,"column":5}}],"line":61}},"s":{"0":2,"1":2,"2":2,"3":2,"4":2,"5":2,"6":2,"7":2,"8":2,"9":1,"10":1,"11":1,"12":1,"13":1,"14":1,"15":1,"16":2,"17":1,"18":1,"19":1,"20":1,"21":2,"22":2,"23":1,"24":1,"25":1,"26":1,"27":2,"28":2,"29":2,"30":1,"31":1,"32":2,"33":11,"34":11,"35":11,"36":11,"37":2,"38":2},"f":{"0":2,"1":1,"2":2,"3":1,"4":2,"5":2,"6":11},"b":{"0":[1,1],"1":[2,1],"2":[1,1],"3":[1,1]},"_coverageSchema":"1a1c01bbd47fc00a2c39e90264f33305004495a9","hash":"86346e45411a47cde01907daf260287f8b2918ac"}
,"/Users/ericbyungkim/Desktop/Croxy/DockerCart/client/components/Shipping.jsx": {"path":"/Users/ericbyungkim/Desktop/Croxy/DockerCart/client/components/Shipping.jsx","statementMap":{"0":{"start":{"line":9,"column":4},"end":{"line":9,"column":17}},"1":{"start":{"line":10,"column":4},"end":{"line":18,"column":6}},"2":{"start":{"line":19,"column":4},"end":{"line":19,"column":47}},"3":{"start":{"line":20,"column":4},"end":{"line":20,"column":61}},"4":{"start":{"line":21,"column":4},"end":{"line":21,"column":59}},"5":{"start":{"line":22,"column":4},"end":{"line":22,"column":51}},"6":{"start":{"line":23,"column":4},"end":{"line":23,"column":49}},"7":{"start":{"line":27,"column":25},"end":{"line":27,"column":35}},"8":{"start":{"line":28,"column":4},"end":{"line":28,"column":22}},"9":{"start":{"line":29,"column":4},"end":{"line":29,"column":34}},"10":{"start":{"line":33,"column":26},"end":{"line":33,"column":36}},"11":{"start":{"line":34,"column":4},"end":{"line":34,"column":23}},"12":{"start":{"line":35,"column":4},"end":{"line":35,"column":35}},"13":{"start":{"line":39,"column":25},"end":{"line":39,"column":35}},"14":{"start":{"line":40,"column":4},"end":{"line":44,"column":5}},"15":{"start":{"line":41,"column":6},"end":{"line":41,"column":26}},"16":{"start":{"line":43,"column":6},"end":{"line":43,"column":26}},"17":{"start":{"line":45,"column":4},"end":{"line":45,"column":34}},"18":{"start":{"line":49,"column":21},"end":{"line":49,"column":39}},"19":{"start":{"line":50,"column":4},"end":{"line":62,"column":5}},"20":{"start":{"line":51,"column":23},"end":{"line":51,"column":39}},"21":{"start":{"line":52,"column":6},"end":{"line":52,"column":34}},"22":{"start":{"line":53,"column":11},"end":{"line":62,"column":5}},"23":{"start":{"line":54,"column":23},"end":{"line":54,"column":39}},"24":{"start":{"line":55,"column":6},"end":{"line":55,"column":34}},"25":{"start":{"line":56,"column":11},"end":{"line":62,"column":5}},"26":{"start":{"line":57,"column":23},"end":{"line":57,"column":39}},"27":{"start":{"line":58,"column":6},"end":{"line":58,"column":34}},"28":{"start":{"line":59,"column":11},"end":{"line":62,"column":5}},"29":{"start":{"line":60,"column":23},"end":{"line":60,"column":39}},"30":{"start":{"line":61,"column":6},"end":{"line":61,"column":34}},"31":{"start":{"line":66,"column":21},"end":{"line":66,"column":39}},"32":{"start":{"line":67,"column":4},"end":{"line":79,"column":5}},"33":{"start":{"line":68,"column":23},"end":{"line":68,"column":29}},"34":{"start":{"line":69,"column":6},"end":{"line":69,"column":34}},"35":{"start":{"line":70,"column":11},"end":{"line":79,"column":5}},"36":{"start":{"line":71,"column":23},"end":{"line":71,"column":29}},"37":{"start":{"line":72,"column":6},"end":{"line":72,"column":34}},"38":{"start":{"line":73,"column":11},"end":{"line":79,"column":5}},"39":{"start":{"line":74,"column":23},"end":{"line":74,"column":29}},"40":{"start":{"line":75,"column":6},"end":{"line":75,"column":34}},"41":{"start":{"line":76,"column":11},"end":{"line":79,"column":5}},"42":{"start":{"line":77,"column":23},"end":{"line":77,"column":29}},"43":{"start":{"line":78,"column":6},"end":{"line":78,"column":34}},"44":{"start":{"line":89,"column":8},"end":{"line":89,"column":18}},"45":{"start":{"line":96,"column":8},"end":{"line":96,"column":18}},"46":{"start":{"line":98,"column":19},"end":{"line":98,"column":52}},"47":{"start":{"line":99,"column":6},"end":{"line":99,"column":96}},"48":{"start":{"line":101,"column":24},"end":{"line":101,"column":48}},"49":{"start":{"line":102,"column":25},"end":{"line":102,"column":104}},"50":{"start":{"line":103,"column":24},"end":{"line":103,"column":40}},"51":{"start":{"line":104,"column":4},"end":{"line":243,"column":6}},"52":{"start":{"line":247,"column":0},"end":{"line":264,"column":2}},"53":{"start":{"line":266,"column":0},"end":{"line":283,"column":2}}},"fnMap":{"0":{"name":"(anonymous_0)","decl":{"start":{"line":8,"column":2},"end":{"line":8,"column":3}},"loc":{"start":{"line":8,"column":21},"end":{"line":24,"column":3}},"line":8},"1":{"name":"(anonymous_1)","decl":{"start":{"line":26,"column":2},"end":{"line":26,"column":3}},"loc":{"start":{"line":26,"column":15},"end":{"line":30,"column":3}},"line":26},"2":{"name":"(anonymous_2)","decl":{"start":{"line":32,"column":2},"end":{"line":32,"column":3}},"loc":{"start":{"line":32,"column":16},"end":{"line":36,"column":3}},"line":32},"3":{"name":"(anonymous_3)","decl":{"start":{"line":38,"column":2},"end":{"line":38,"column":3}},"loc":{"start":{"line":38,"column":14},"end":{"line":46,"column":3}},"line":38},"4":{"name":"(anonymous_4)","decl":{"start":{"line":48,"column":2},"end":{"line":48,"column":3}},"loc":{"start":{"line":48,"column":22},"end":{"line":63,"column":3}},"line":48},"5":{"name":"(anonymous_5)","decl":{"start":{"line":65,"column":2},"end":{"line":65,"column":3}},"loc":{"start":{"line":65,"column":21},"end":{"line":80,"column":3}},"line":65},"6":{"name":"(anonymous_6)","decl":{"start":{"line":82,"column":2},"end":{"line":82,"column":3}},"loc":{"start":{"line":82,"column":11},"end":{"line":244,"column":3}},"line":82},"7":{"name":"getShippedDate","decl":{"start":{"line":97,"column":13},"end":{"line":97,"column":27}},"loc":{"start":{"line":97,"column":30},"end":{"line":100,"column":5}},"line":97}},"branchMap":{"0":{"loc":{"start":{"line":40,"column":4},"end":{"line":44,"column":5}},"type":"if","locations":[{"start":{"line":40,"column":4},"end":{"line":44,"column":5}},{"start":{"line":40,"column":4},"end":{"line":44,"column":5}}],"line":40},"1":{"loc":{"start":{"line":50,"column":4},"end":{"line":62,"column":5}},"type":"if","locations":[{"start":{"line":50,"column":4},"end":{"line":62,"column":5}},{"start":{"line":50,"column":4},"end":{"line":62,"column":5}}],"line":50},"2":{"loc":{"start":{"line":53,"column":11},"end":{"line":62,"column":5}},"type":"if","locations":[{"start":{"line":53,"column":11},"end":{"line":62,"column":5}},{"start":{"line":53,"column":11},"end":{"line":62,"column":5}}],"line":53},"3":{"loc":{"start":{"line":56,"column":11},"end":{"line":62,"column":5}},"type":"if","locations":[{"start":{"line":56,"column":11},"end":{"line":62,"column":5}},{"start":{"line":56,"column":11},"end":{"line":62,"column":5}}],"line":56},"4":{"loc":{"start":{"line":59,"column":11},"end":{"line":62,"column":5}},"type":"if","locations":[{"start":{"line":59,"column":11},"end":{"line":62,"column":5}},{"start":{"line":59,"column":11},"end":{"line":62,"column":5}}],"line":59},"5":{"loc":{"start":{"line":67,"column":4},"end":{"line":79,"column":5}},"type":"if","locations":[{"start":{"line":67,"column":4},"end":{"line":79,"column":5}},{"start":{"line":67,"column":4},"end":{"line":79,"column":5}}],"line":67},"6":{"loc":{"start":{"line":70,"column":11},"end":{"line":79,"column":5}},"type":"if","locations":[{"start":{"line":70,"column":11},"end":{"line":79,"column":5}},{"start":{"line":70,"column":11},"end":{"line":79,"column":5}}],"line":70},"7":{"loc":{"start":{"line":73,"column":11},"end":{"line":79,"column":5}},"type":"if","locations":[{"start":{"line":73,"column":11},"end":{"line":79,"column":5}},{"start":{"line":73,"column":11},"end":{"line":79,"column":5}}],"line":73},"8":{"loc":{"start":{"line":76,"column":11},"end":{"line":79,"column":5}},"type":"if","locations":[{"start":{"line":76,"column":11},"end":{"line":79,"column":5}},{"start":{"line":76,"column":11},"end":{"line":79,"column":5}}],"line":76}},"s":{"0":4,"1":4,"2":4,"3":4,"4":4,"5":4,"6":4,"7":1,"8":1,"9":1,"10":1,"11":1,"12":1,"13":2,"14":2,"15":1,"16":1,"17":2,"18":5,"19":5,"20":1,"21":1,"22":4,"23":1,"24":1,"25":3,"26":1,"27":1,"28":2,"29":1,"30":1,"31":5,"32":5,"33":1,"34":1,"35":4,"36":1,"37":1,"38":3,"39":1,"40":1,"41":2,"42":1,"43":1,"44":20,"45":20,"46":20,"47":20,"48":20,"49":20,"50":20,"51":20,"52":3,"53":3},"f":{"0":4,"1":1,"2":1,"3":2,"4":5,"5":5,"6":20,"7":20},"b":{"0":[1,1],"1":[1,4],"2":[1,3],"3":[1,2],"4":[1,1],"5":[1,4],"6":[1,3],"7":[1,2],"8":[1,1]},"_coverageSchema":"1a1c01bbd47fc00a2c39e90264f33305004495a9","hash":"76c11b6834918fbd126437e64b1cca6cdd054101"}
,"/Users/ericbyungkim/Desktop/Croxy/DockerCart/client/components/ShippingCost.jsx": {"path":"/Users/ericbyungkim/Desktop/Croxy/DockerCart/client/components/ShippingCost.jsx","statementMap":{"0":{"start":{"line":6,"column":4},"end":{"line":6,"column":17}},"1":{"start":{"line":7,"column":4},"end":{"line":14,"column":6}},"2":{"start":{"line":15,"column":4},"end":{"line":15,"column":45}},"3":{"start":{"line":16,"column":4},"end":{"line":16,"column":53}},"4":{"start":{"line":17,"column":4},"end":{"line":17,"column":47}},"5":{"start":{"line":18,"column":4},"end":{"line":18,"column":51}},"6":{"start":{"line":19,"column":4},"end":{"line":19,"column":51}},"7":{"start":{"line":23,"column":34},"end":{"line":23,"column":44}},"8":{"start":{"line":24,"column":4},"end":{"line":24,"column":21}},"9":{"start":{"line":25,"column":4},"end":{"line":29,"column":5}},"10":{"start":{"line":26,"column":6},"end":{"line":26,"column":40}},"11":{"start":{"line":28,"column":6},"end":{"line":28,"column":38}},"12":{"start":{"line":30,"column":4},"end":{"line":30,"column":43}},"13":{"start":{"line":34,"column":4},"end":{"line":34,"column":23}},"14":{"start":{"line":35,"column":4},"end":{"line":35,"column":21}},"15":{"start":{"line":44,"column":8},"end":{"line":44,"column":18}},"16":{"start":{"line":48,"column":8},"end":{"line":48,"column":18}},"17":{"start":{"line":49,"column":4},"end":{"line":51,"column":5}},"18":{"start":{"line":50,"column":6},"end":{"line":50,"column":30}},"19":{"start":{"line":52,"column":4},"end":{"line":52,"column":30}},"20":{"start":{"line":53,"column":4},"end":{"line":53,"column":53}},"21":{"start":{"line":54,"column":4},"end":{"line":54,"column":23}},"22":{"start":{"line":55,"column":4},"end":{"line":55,"column":17}},"23":{"start":{"line":56,"column":4},"end":{"line":56,"column":55}},"24":{"start":{"line":60,"column":20},"end":{"line":60,"column":34}},"25":{"start":{"line":61,"column":4},"end":{"line":61,"column":31}},"26":{"start":{"line":65,"column":32},"end":{"line":65,"column":42}},"27":{"start":{"line":66,"column":4},"end":{"line":344,"column":5}},"28":{"start":{"line":67,"column":6},"end":{"line":343,"column":8}},"29":{"start":{"line":345,"column":4},"end":{"line":345,"column":20}},"30":{"start":{"line":351,"column":8},"end":{"line":351,"column":18}},"31":{"start":{"line":355,"column":8},"end":{"line":355,"column":18}},"32":{"start":{"line":357,"column":4},"end":{"line":381,"column":6}},"33":{"start":{"line":385,"column":0},"end":{"line":388,"column":2}},"34":{"start":{"line":390,"column":0},"end":{"line":393,"column":2}}},"fnMap":{"0":{"name":"(anonymous_0)","decl":{"start":{"line":5,"column":2},"end":{"line":5,"column":3}},"loc":{"start":{"line":5,"column":21},"end":{"line":20,"column":3}},"line":5},"1":{"name":"(anonymous_1)","decl":{"start":{"line":22,"column":2},"end":{"line":22,"column":3}},"loc":{"start":{"line":22,"column":13},"end":{"line":31,"column":3}},"line":22},"2":{"name":"(anonymous_2)","decl":{"start":{"line":33,"column":2},"end":{"line":33,"column":3}},"loc":{"start":{"line":33,"column":18},"end":{"line":36,"column":3}},"line":33},"3":{"name":"(anonymous_3)","decl":{"start":{"line":38,"column":2},"end":{"line":38,"column":3}},"loc":{"start":{"line":38,"column":14},"end":{"line":57,"column":3}},"line":38},"4":{"name":"(anonymous_4)","decl":{"start":{"line":59,"column":2},"end":{"line":59,"column":3}},"loc":{"start":{"line":59,"column":17},"end":{"line":62,"column":3}},"line":59},"5":{"name":"(anonymous_5)","decl":{"start":{"line":64,"column":2},"end":{"line":64,"column":3}},"loc":{"start":{"line":64,"column":16},"end":{"line":346,"column":3}},"line":64},"6":{"name":"(anonymous_6)","decl":{"start":{"line":348,"column":2},"end":{"line":348,"column":3}},"loc":{"start":{"line":348,"column":11},"end":{"line":382,"column":3}},"line":348},"7":{"name":"(anonymous_7)","decl":{"start":{"line":391,"column":13},"end":{"line":391,"column":14}},"loc":{"start":{"line":391,"column":19},"end":{"line":391,"column":21}},"line":391}},"branchMap":{"0":{"loc":{"start":{"line":25,"column":4},"end":{"line":29,"column":5}},"type":"if","locations":[{"start":{"line":25,"column":4},"end":{"line":29,"column":5}},{"start":{"line":25,"column":4},"end":{"line":29,"column":5}}],"line":25},"1":{"loc":{"start":{"line":49,"column":4},"end":{"line":51,"column":5}},"type":"if","locations":[{"start":{"line":49,"column":4},"end":{"line":51,"column":5}},{"start":{"line":49,"column":4},"end":{"line":51,"column":5}}],"line":49},"2":{"loc":{"start":{"line":66,"column":4},"end":{"line":344,"column":5}},"type":"if","locations":[{"start":{"line":66,"column":4},"end":{"line":344,"column":5}},{"start":{"line":66,"column":4},"end":{"line":344,"column":5}}],"line":66}},"s":{"0":5,"1":5,"2":5,"3":5,"4":5,"5":5,"6":5,"7":1,"8":1,"9":1,"10":1,"11":0,"12":1,"13":1,"14":1,"15":2,"16":2,"17":2,"18":1,"19":2,"20":2,"21":2,"22":2,"23":2,"24":1,"25":1,"26":25,"27":25,"28":4,"29":21,"30":25,"31":25,"32":25,"33":4,"34":4},"f":{"0":5,"1":1,"2":1,"3":2,"4":1,"5":25,"6":25,"7":2},"b":{"0":[1,0],"1":[1,1],"2":[4,21]},"_coverageSchema":"1a1c01bbd47fc00a2c39e90264f33305004495a9","hash":"77b62daccfa36e21565b8f0053933ba4886becdf"}
,"/Users/ericbyungkim/Desktop/Croxy/DockerCart/client/components/ShippingPolicies.jsx": {"path":"/Users/ericbyungkim/Desktop/Croxy/DockerCart/client/components/ShippingPolicies.jsx","statementMap":{"0":{"start":{"line":7,"column":4},"end":{"line":7,"column":17}},"1":{"start":{"line":8,"column":4},"end":{"line":12,"column":6}},"2":{"start":{"line":13,"column":4},"end":{"line":13,"column":57}},"3":{"start":{"line":14,"column":4},"end":{"line":14,"column":53}},"4":{"start":{"line":15,"column":4},"end":{"line":15,"column":59}},"5":{"start":{"line":19,"column":27},"end":{"line":19,"column":37}},"6":{"start":{"line":20,"column":30},"end":{"line":20,"column":40}},"7":{"start":{"line":21,"column":12},"end":{"line":21,"column":13}},"8":{"start":{"line":23,"column":6},"end":{"line":23,"column":13}},"9":{"start":{"line":24,"column":6},"end":{"line":28,"column":8}},"10":{"start":{"line":30,"column":22},"end":{"line":30,"column":48}},"11":{"start":{"line":31,"column":4},"end":{"line":35,"column":6}},"12":{"start":{"line":39,"column":27},"end":{"line":39,"column":37}},"13":{"start":{"line":40,"column":24},"end":{"line":40,"column":34}},"14":{"start":{"line":41,"column":63},"end":{"line":41,"column":73}},"15":{"start":{"line":42,"column":4},"end":{"line":90,"column":5}},"16":{"start":{"line":43,"column":6},"end":{"line":89,"column":8}},"17":{"start":{"line":91,"column":4},"end":{"line":91,"column":20}},"18":{"start":{"line":95,"column":61},"end":{"line":95,"column":71}},"19":{"start":{"line":96,"column":4},"end":{"line":104,"column":5}},"20":{"start":{"line":97,"column":6},"end":{"line":97,"column":46}},"21":{"start":{"line":98,"column":6},"end":{"line":98,"column":32}},"22":{"start":{"line":99,"column":6},"end":{"line":99,"column":35}},"23":{"start":{"line":101,"column":6},"end":{"line":101,"column":33}},"24":{"start":{"line":102,"column":6},"end":{"line":102,"column":48}},"25":{"start":{"line":103,"column":6},"end":{"line":103,"column":35}},"26":{"start":{"line":105,"column":4},"end":{"line":105,"column":70}},"27":{"start":{"line":114,"column":8},"end":{"line":114,"column":18}},"28":{"start":{"line":115,"column":28},"end":{"line":115,"column":38}},"29":{"start":{"line":116,"column":4},"end":{"line":168,"column":6}},"30":{"start":{"line":172,"column":0},"end":{"line":181,"column":2}},"31":{"start":{"line":183,"column":0},"end":{"line":192,"column":2}}},"fnMap":{"0":{"name":"(anonymous_0)","decl":{"start":{"line":6,"column":2},"end":{"line":6,"column":3}},"loc":{"start":{"line":6,"column":21},"end":{"line":16,"column":3}},"line":6},"1":{"name":"(anonymous_1)","decl":{"start":{"line":18,"column":2},"end":{"line":18,"column":3}},"loc":{"start":{"line":18,"column":19},"end":{"line":36,"column":3}},"line":18},"2":{"name":"mapFunc","decl":{"start":{"line":22,"column":13},"end":{"line":22,"column":20}},"loc":{"start":{"line":22,"column":28},"end":{"line":29,"column":5}},"line":22},"3":{"name":"(anonymous_3)","decl":{"start":{"line":38,"column":2},"end":{"line":38,"column":3}},"loc":{"start":{"line":38,"column":17},"end":{"line":92,"column":3}},"line":38},"4":{"name":"(anonymous_4)","decl":{"start":{"line":94,"column":2},"end":{"line":94,"column":3}},"loc":{"start":{"line":94,"column":20},"end":{"line":106,"column":3}},"line":94},"5":{"name":"(anonymous_5)","decl":{"start":{"line":108,"column":2},"end":{"line":108,"column":3}},"loc":{"start":{"line":108,"column":11},"end":{"line":169,"column":3}},"line":108},"6":{"name":"(anonymous_6)","decl":{"start":{"line":190,"column":13},"end":{"line":190,"column":14}},"loc":{"start":{"line":190,"column":19},"end":{"line":190,"column":21}},"line":190}},"branchMap":{"0":{"loc":{"start":{"line":42,"column":4},"end":{"line":90,"column":5}},"type":"if","locations":[{"start":{"line":42,"column":4},"end":{"line":90,"column":5}},{"start":{"line":42,"column":4},"end":{"line":90,"column":5}}],"line":42},"1":{"loc":{"start":{"line":96,"column":4},"end":{"line":104,"column":5}},"type":"if","locations":[{"start":{"line":96,"column":4},"end":{"line":104,"column":5}},{"start":{"line":96,"column":4},"end":{"line":104,"column":5}}],"line":96}},"s":{"0":7,"1":7,"2":7,"3":7,"4":7,"5":7,"6":7,"7":7,"8":2,"9":2,"10":7,"11":7,"12":30,"13":30,"14":30,"15":30,"16":5,"17":25,"18":3,"19":3,"20":1,"21":1,"22":1,"23":2,"24":2,"25":2,"26":3,"27":27,"28":27,"29":27,"30":4,"31":4},"f":{"0":7,"1":7,"2":2,"3":30,"4":3,"5":27,"6":0},"b":{"0":[5,25],"1":[1,2]},"_coverageSchema":"1a1c01bbd47fc00a2c39e90264f33305004495a9","hash":"b0924e4b39603cb82917941923daae0dea7fc67c"}
,"/Users/ericbyungkim/Desktop/Croxy/DockerCart/keys/BING_API_KEY.js": {"path":"/Users/ericbyungkim/Desktop/Croxy/DockerCart/keys/BING_API_KEY.js","statementMap":{"0":{"start":{"line":1,"column":17},"end":{"line":1,"column":83}}},"fnMap":{},"branchMap":{},"s":{"0":1},"f":{},"b":{},"_coverageSchema":"1a1c01bbd47fc00a2c39e90264f33305004495a9","hash":"da54b94d97b597902b0ec19ce44f628150eb3a2f"}
}
