TN:
SF:client/components/Cart.jsx
FN:12,(anonymous_0)
FN:54,(anonymous_1)
FN:59,(anonymous_2)
FN:63,(anonymous_3)
FN:71,(anonymous_4)
FN:76,(anonymous_5)
FN:101,(anonymous_6)
FN:106,(anonymous_7)
FNF:8
FNH:8
FNDA:1,(anonymous_0)
FNDA:2,(anonymous_1)
FNDA:3,(anonymous_2)
FNDA:2,(anonymous_3)
FNDA:2,(anonymous_4)
FNDA:2,(anonymous_5)
FNDA:1,(anonymous_6)
FNDA:4,(anonymous_7)
DA:13,1
DA:14,1
DA:50,1
DA:51,1
DA:55,2
DA:56,2
DA:60,3
DA:61,3
DA:66,2
DA:67,2
DA:68,2
DA:69,2
DA:70,2
DA:72,2
DA:73,2
DA:74,2
DA:75,2
DA:77,2
DA:78,2
DA:80,2
DA:81,1
DA:83,1
DA:85,2
DA:102,1
DA:103,1
DA:109,4
DA:110,4
DA:111,4
DA:112,4
DA:113,4
LF:30
LH:30
BRDA:80,0,0,1
BRDA:80,0,1,1
BRF:2
BRH:2
end_of_record
TN:
SF:client/components/ExtDetails.jsx
FN:6,(anonymous_0)
FN:25,(anonymous_1)
FN:40,(anonymous_2)
FN:71,(anonymous_3)
FN:96,(anonymous_4)
FN:139,(anonymous_5)
FN:143,getFirstRandDescription
FN:167,getFirstDetail
FNF:8
FNH:8
FNDA:9,(anonymous_0)
FNDA:18,(anonymous_1)
FNDA:18,(anonymous_2)
FNDA:18,(anonymous_3)
FNDA:7,(anonymous_4)
FNDA:18,(anonymous_5)
FNDA:18,getFirstRandDescription
FNDA:18,getFirstDetail
DA:7,9
DA:8,9
DA:19,9
DA:20,9
DA:21,9
DA:22,9
DA:26,18
DA:27,18
DA:28,17
DA:37,1
DA:43,18
DA:44,18
DA:45,18
DA:46,18
DA:47,17
DA:68,1
DA:72,18
DA:80,18
DA:81,18
DA:82,17
DA:93,1
DA:97,7
DA:98,1
DA:99,1
DA:100,1
DA:101,0
DA:103,1
DA:105,1
DA:106,6
DA:107,1
DA:108,1
DA:109,1
DA:110,0
DA:112,1
DA:114,1
DA:115,5
DA:116,1
DA:117,1
DA:118,1
DA:119,0
DA:121,1
DA:123,1
DA:124,4
DA:125,3
DA:126,3
DA:127,1
DA:128,1
DA:129,1
DA:131,2
DA:132,2
DA:133,2
DA:135,3
DA:140,18
DA:141,18
DA:142,18
DA:144,18
DA:146,1
DA:160,17
DA:168,18
DA:169,18
DA:170,1
DA:190,17
DA:191,16
DA:238,1
DA:242,18
DA:314,2
DA:338,2
LF:67
LH:64
BRDA:27,0,0,17
BRDA:27,0,1,1
BRDA:46,1,0,17
BRDA:46,1,1,1
BRDA:81,2,0,17
BRDA:81,2,1,1
BRDA:97,3,0,1
BRDA:97,3,1,6
BRDA:97,4,0,7
BRDA:97,4,1,6
BRDA:100,5,0,0
BRDA:100,5,1,1
BRDA:106,6,0,1
BRDA:106,6,1,5
BRDA:106,7,0,6
BRDA:106,7,1,5
BRDA:109,8,0,0
BRDA:109,8,1,1
BRDA:115,9,0,1
BRDA:115,9,1,4
BRDA:115,10,0,5
BRDA:115,10,1,4
BRDA:118,11,0,0
BRDA:118,11,1,1
BRDA:124,12,0,3
BRDA:124,12,1,1
BRDA:126,13,0,1
BRDA:126,13,1,2
BRDA:144,14,0,1
BRDA:144,14,1,17
BRDA:169,15,0,1
BRDA:169,15,1,17
BRDA:190,16,0,16
BRDA:190,16,1,1
BRF:34
BRH:31
end_of_record
TN:
SF:client/components/Info.jsx
FN:7,(anonymous_0)
FN:14,(anonymous_1)
FN:19,mapFunc
FN:47,getAvailable
FNF:4
FNH:4
FNDA:4,(anonymous_0)
FNDA:7,(anonymous_1)
FNDA:21,mapFunc
FNDA:7,getAvailable
DA:8,4
DA:9,4
DA:15,7
DA:16,7
DA:17,7
DA:18,7
DA:20,21
DA:21,21
DA:22,6
DA:30,15
DA:31,6
DA:38,9
DA:48,7
DA:49,6
DA:57,1
DA:63,7
DA:64,7
DA:65,7
DA:66,7
DA:82,2
DA:90,2
LF:21
LH:21
BRDA:21,0,0,6
BRDA:21,0,1,15
BRDA:21,1,0,21
BRDA:21,1,1,6
BRDA:30,2,0,6
BRDA:30,2,1,9
BRDA:48,3,0,6
BRDA:48,3,1,1
BRF:8
BRH:8
end_of_record
TN:
SF:client/components/Messages.jsx
FN:6,(anonymous_0)
FN:13,(anonymous_1)
FN:17,(anonymous_2)
FN:22,(anonymous_3)
FN:26,(anonymous_4)
FN:30,showTime
FN:44,(anonymous_6)
FN:91,(anonymous_7)
FN:107,(anonymous_8)
FNF:9
FNH:9
FNDA:4,(anonymous_0)
FNDA:4,(anonymous_1)
FNDA:9,(anonymous_2)
FNDA:13,(anonymous_3)
FNDA:13,(anonymous_4)
FNDA:4,showTime
FNDA:10,(anonymous_6)
FNDA:13,(anonymous_7)
FNDA:9,(anonymous_8)
DA:7,4
DA:8,4
DA:10,4
DA:14,4
DA:18,9
DA:19,9
DA:23,13
DA:27,13
DA:28,13
DA:29,13
DA:31,4
DA:32,6
DA:33,5
DA:36,4
DA:37,3
DA:38,3
DA:40,1
DA:41,1
DA:43,13
DA:44,13
DA:45,10
DA:46,10
DA:47,10
DA:48,10
DA:49,4
DA:50,2
DA:68,2
DA:81,6
DA:83,13
DA:84,8
DA:91,13
DA:96,5
DA:107,9
DA:114,3
DA:122,3
LF:35
LH:35
BRDA:32,0,0,5
BRDA:32,0,1,1
BRDA:36,1,0,3
BRDA:36,1,1,1
BRDA:48,2,0,4
BRDA:48,2,1,6
BRDA:49,3,0,2
BRDA:49,3,1,2
BRDA:83,4,0,8
BRDA:83,4,1,5
BRF:10
BRH:10
end_of_record
TN:
SF:client/components/Rating.jsx
FN:5,(anonymous_0)
FN:12,(anonymous_1)
FNF:2
FNH:2
FNDA:4,(anonymous_0)
FNDA:7,(anonymous_1)
DA:6,4
DA:7,4
DA:15,7
DA:18,7
DA:21,7
DA:22,7
DA:23,7
DA:24,35
DA:25,21
DA:26,1
DA:27,1
DA:29,20
DA:30,20
DA:33,14
DA:34,14
DA:37,7
DA:54,2
DA:62,2
LF:18
LH:18
BRDA:24,0,0,21
BRDA:24,0,1,14
BRDA:25,1,0,1
BRDA:25,1,1,20
BRDA:25,2,0,21
BRDA:25,2,1,1
BRF:6
BRH:6
end_of_record
TN:
SF:client/components/Selector.jsx
FN:5,(anonymous_0)
FN:12,(anonymous_1)
FN:16,selectorMap
FN:24,optionMap
FNF:4
FNH:4
FNDA:2,(anonymous_0)
FNDA:5,(anonymous_1)
FNDA:21,selectorMap
FNDA:8,optionMap
DA:6,2
DA:7,2
DA:13,5
DA:14,5
DA:15,5
DA:17,21
DA:18,21
DA:25,8
DA:26,8
DA:27,8
DA:37,5
DA:39,5
DA:49,2
DA:58,2
LF:14
LH:14
BRF:0
BRH:0
end_of_record
TN:
SF:client/components/Seller.jsx
FN:7,(anonymous_0)
FN:25,(anonymous_1)
FN:35,(anonymous_2)
FN:42,(anonymous_3)
FN:47,(anonymous_4)
FN:59,(anonymous_5)
FN:69,(anonymous_6)
FNF:7
FNH:7
FNDA:2,(anonymous_0)
FNDA:1,(anonymous_1)
FNDA:2,(anonymous_2)
FNDA:1,(anonymous_3)
FNDA:2,(anonymous_4)
FNDA:2,(anonymous_5)
FNDA:11,(anonymous_6)
DA:8,2
DA:9,2
DA:16,2
DA:17,2
DA:18,2
DA:19,2
DA:20,2
DA:21,2
DA:22,2
DA:26,1
DA:27,1
DA:28,1
DA:29,1
DA:30,1
DA:31,1
DA:32,1
DA:36,2
DA:37,1
DA:38,1
DA:43,1
DA:44,1
DA:48,2
DA:49,2
DA:50,1
DA:51,1
DA:53,1
DA:54,1
DA:56,2
DA:60,2
DA:61,2
DA:62,1
DA:64,1
DA:66,2
DA:70,11
DA:71,11
DA:78,11
DA:79,11
DA:170,2
DA:177,2
LF:39
LH:39
BRDA:36,0,0,1
BRDA:36,0,1,1
BRDA:36,1,0,2
BRDA:36,1,1,1
BRDA:49,2,0,1
BRDA:49,2,1,1
BRDA:61,3,0,1
BRDA:61,3,1,1
BRF:8
BRH:8
end_of_record
TN:
SF:client/components/Shipping.jsx
FN:8,(anonymous_0)
FN:26,(anonymous_1)
FN:32,(anonymous_2)
FN:38,(anonymous_3)
FN:48,(anonymous_4)
FN:65,(anonymous_5)
FN:82,(anonymous_6)
FN:97,getShippedDate
FNF:8
FNH:8
FNDA:4,(anonymous_0)
FNDA:1,(anonymous_1)
FNDA:1,(anonymous_2)
FNDA:2,(anonymous_3)
FNDA:5,(anonymous_4)
FNDA:5,(anonymous_5)
FNDA:20,(anonymous_6)
FNDA:20,getShippedDate
DA:9,4
DA:10,4
DA:19,4
DA:20,4
DA:21,4
DA:22,4
DA:23,4
DA:27,1
DA:28,1
DA:29,1
DA:33,1
DA:34,1
DA:35,1
DA:39,2
DA:40,2
DA:41,1
DA:43,1
DA:45,2
DA:49,5
DA:50,5
DA:51,1
DA:52,1
DA:53,4
DA:54,1
DA:55,1
DA:56,3
DA:57,1
DA:58,1
DA:59,2
DA:60,1
DA:61,1
DA:66,5
DA:67,5
DA:68,1
DA:69,1
DA:70,4
DA:71,1
DA:72,1
DA:73,3
DA:74,1
DA:75,1
DA:76,2
DA:77,1
DA:78,1
DA:89,20
DA:96,20
DA:98,20
DA:99,20
DA:101,20
DA:102,20
DA:103,20
DA:104,20
DA:247,3
DA:266,3
LF:54
LH:54
BRDA:40,0,0,1
BRDA:40,0,1,1
BRDA:50,1,0,1
BRDA:50,1,1,4
BRDA:53,2,0,1
BRDA:53,2,1,3
BRDA:56,3,0,1
BRDA:56,3,1,2
BRDA:59,4,0,1
BRDA:59,4,1,1
BRDA:67,5,0,1
BRDA:67,5,1,4
BRDA:70,6,0,1
BRDA:70,6,1,3
BRDA:73,7,0,1
BRDA:73,7,1,2
BRDA:76,8,0,1
BRDA:76,8,1,1
BRF:18
BRH:18
end_of_record
TN:
SF:client/components/ShippingCost.jsx
FN:5,(anonymous_0)
FN:22,(anonymous_1)
FN:33,(anonymous_2)
FN:38,(anonymous_3)
FN:59,(anonymous_4)
FN:64,(anonymous_5)
FN:348,(anonymous_6)
FN:391,(anonymous_7)
FNF:8
FNH:8
FNDA:5,(anonymous_0)
FNDA:1,(anonymous_1)
FNDA:1,(anonymous_2)
FNDA:2,(anonymous_3)
FNDA:1,(anonymous_4)
FNDA:25,(anonymous_5)
FNDA:25,(anonymous_6)
FNDA:2,(anonymous_7)
DA:6,5
DA:7,5
DA:15,5
DA:16,5
DA:17,5
DA:18,5
DA:19,5
DA:23,1
DA:24,1
DA:25,1
DA:26,1
DA:28,0
DA:30,1
DA:34,1
DA:35,1
DA:44,2
DA:48,2
DA:49,2
DA:50,1
DA:52,2
DA:53,2
DA:54,2
DA:55,2
DA:56,2
DA:60,1
DA:61,1
DA:65,25
DA:66,25
DA:67,4
DA:345,21
DA:351,25
DA:355,25
DA:357,25
DA:385,4
DA:390,4
LF:35
LH:34
BRDA:25,0,0,1
BRDA:25,0,1,0
BRDA:49,1,0,1
BRDA:49,1,1,1
BRDA:66,2,0,4
BRDA:66,2,1,21
BRF:6
BRH:5
end_of_record
TN:
SF:client/components/ShippingPolicies.jsx
FN:6,(anonymous_0)
FN:18,(anonymous_1)
FN:22,mapFunc
FN:38,(anonymous_3)
FN:94,(anonymous_4)
FN:108,(anonymous_5)
FN:190,(anonymous_6)
FNF:7
FNH:6
FNDA:7,(anonymous_0)
FNDA:7,(anonymous_1)
FNDA:2,mapFunc
FNDA:30,(anonymous_3)
FNDA:3,(anonymous_4)
FNDA:27,(anonymous_5)
FNDA:0,(anonymous_6)
DA:7,7
DA:8,7
DA:13,7
DA:14,7
DA:15,7
DA:19,7
DA:20,7
DA:21,7
DA:23,2
DA:24,2
DA:30,7
DA:31,7
DA:39,30
DA:40,30
DA:41,30
DA:42,30
DA:43,5
DA:91,25
DA:95,3
DA:96,3
DA:97,1
DA:98,1
DA:99,1
DA:101,2
DA:102,2
DA:103,2
DA:105,3
DA:114,27
DA:115,27
DA:116,27
DA:172,4
DA:183,4
LF:32
LH:32
BRDA:42,0,0,5
BRDA:42,0,1,25
BRDA:96,1,0,1
BRDA:96,1,1,2
BRF:4
BRH:4
end_of_record
TN:
SF:keys/BING_API_KEY.js
FNF:0
FNH:0
DA:1,1
LF:1
LH:1
BRF:0
BRH:0
end_of_record
